#
# A fatal error has been detected by the Java Runtime Environment:
#
#  SIGSEGV (0xb) at pc=0x000000010ebec5bd, pid=13552, tid=24583
#
# JRE version: OpenJDK Runtime Environment (17.0+35) (build 17+35-2724)
# Java VM: OpenJDK 64-Bit Server VM (17+35-2724, mixed mode, sharing, tiered, compressed oops, compressed class ptrs, g1 gc, bsd-amd64)
# Problematic frame:
# V  [libjvm.dylib+0x9a35bd]  _ZNK6Symbol11as_C_stringEv+0xd
#
# No core dump will be written. Core dumps have been disabled. To enable core dumping, try "ulimit -c unlimited" before starting Java again
#
# If you would like to submit a bug report, please visit:
#   https://bugreport.java.com/bugreport/crash.jsp
#

---------------  S U M M A R Y ------------

Command Line: -XX:+ShowCodeDetailsInExceptionMessages -agentlib:jdwp=transport=dt_socket,suspend=y,address=localhost:60393 -ea -javaagent:/Users/jt/eclipse/java-2021-09/Eclipse.app/Contents/Eclipse/configuration/org.eclipse.osgi/213/0/.cp/lib/javaagent-shaded.jar -Dfile.encoding=UTF-8 org.eclipse.jdt.internal.junit.runner.RemoteTestRunner -version 3 -port 60392 -testLoaderClass org.eclipse.jdt.internal.junit5.runner.JUnit5TestLoader -loaderpluginname org.eclipse.jdt.junit5.runtime -test telran.util.LengthTest:testEqualsObject -uniqueId [engine:junit-jupiter]/[class:telran.util.LengthTest]/[method:testEqualsObject()]

Host: "MacBookPro12,1" x86_64 2700 MHz, 4 cores, 8G, Darwin 21.1.0, macOS 12.0.1 (21A559)
Time: Mon Dec 20 12:01:30 2021 IST elapsed time: 4362.825075 seconds (0d 1h 12m 42s)

---------------  T H R E A D  ---------------

Current thread (0x00007fba02029400):  JavaThread "JDWP Transport Listener: dt_socket" daemon [_thread_in_vm, id=24583, stack(0x00007000096d7000,0x00007000097d7000)]

Stack: [0x00007000096d7000,0x00007000097d7000],  sp=0x00007000097d6a70,  free space=1022k
Native frames: (J=compiled Java code, j=interpreted, Vv=VM code, C=native code)
V  [libjvm.dylib+0x9a35bd]  _ZNK6Symbol11as_C_stringEv+0xd
V  [libjvm.dylib+0x6af64a]  _ZN8JvmtiEnv17GetClassSignatureEP7oopDescPPcS3_+0x14a
V  [libjvm.dylib+0x66e9fa]  _ZL23jvmti_GetClassSignatureP9_jvmtiEnvP7_jclassPPcS4_+0x15a
C  [libjdwp.dylib+0x2a70a]  classSignature+0x7a
C  [libjdwp.dylib+0xb0be]  allClasses1+0x13e
C  [libjdwp.dylib+0xac41]  allClassesWithGeneric+0x11
C  [libjdwp.dylib+0x10963]  debugLoop_run+0x1f3
C  [libjdwp.dylib+0x24f46]  attachThread+0x76
V  [libjvm.dylib+0x6c8947]  _ZN16JvmtiAgentThread19call_start_functionEv+0x87
V  [libjvm.dylib+0x9f0c37]  _ZN10JavaThread17thread_main_innerEv+0x147
V  [libjvm.dylib+0x9ef04a]  _ZN6Thread8call_runEv+0x11a
V  [libjvm.dylib+0x8834d8]  _ZL19thread_native_entryP6Thread+0x148
C  [libsystem_pthread.dylib+0x6514]  _pthread_start+0x7d
C  [libsystem_pthread.dylib+0x202f]  thread_start+0xf


siginfo: si_signo: 11 (SIGSEGV), si_code: 1 (SEGV_MAPERR), si_addr: 0x00000000005e000b

Register to memory mapping:

RAX=0x000000012c8bc550 is pointing into metadata
RBX=0x00000000005e0007 is an unknown value
RCX=0x000000000000005f is an unknown value
RDX=0x0000000000000005 is an unknown value
RSP=0x00007000097d6a70 is pointing into the stack for thread: 0x00007fba02029400
RBP=0x00007000097d6a90 is pointing into the stack for thread: 0x00007fba02029400
RSI=0x00007fba00b07ee0 points into unknown readable memory: 0x2f6e61726c65744c | 4c 74 65 6c 72 61 6e 2f
RDI=0x00000000005e0007 is an unknown value
R8 =0x0000000000000001 is an unknown value
R9 =0x0000000000000012 is an unknown value
R10=0x00000000000007fb is an unknown value
R11=0xffffe0460102a3a0 is an unknown value
R12=0x0000600001556040 points into unknown readable memory: 0x0000000000000002 | 02 00 00 00 00 00 00 00
R13=0x00007fba00b08298 points into unknown readable memory: 0x0000000000000000 | 00 00 00 00 00 00 00 00
R14=0x0000000800c85220 is a pointer to class: 
telran.util.Length {0x0000000800c85220}
 - instance size:     3
 - klass size:        72
 - access:            public synchronized 
 - state:             fully_initialized
 - name:              'telran/util/Length'
 - super:             'java/lang/Object'
 - sub:               
 - arrays:            NULL
 - methods:           Array<T>(0x000000012ca035e0)
 - method ordering:   Array<T>(0x000000012ca0b968)
 - default_methods:   Array<T>(0x0000000000000000)
 - local interfaces:  Array<T>(0x000000012c909cf8)
 - trans. interfaces: Array<T>(0x000000012c909cf8)
 - constants:         constant pool [117] {0x000000012c8bc550} for 'telran/util/Length' cache=0x000000012ca0e280
 - class loader data:  loader data: 0x0000600002a590e0 for instance a 'jdk/internal/loader/ClassLoaders$AppClassLoader'{0x0000000780000000}
 - source file:       'Length.java'
 - source debug extension:       SMAP
Length.java
Java
*S jdt
*F
1 Length.java
2 file:/Users/jt/eclipse-workspace-42/enumeration/bin/
*L
*E

 - class annotations:       Array<T>(0x0000000000000000)
 - class type annotations:  Array<T>(0x0000000000000000)
 - field annotations:       Array<T>(0x0000000000000000)
 - field type annotations:  Array<T>(0x0000000000000000)
 - previous version:  constant pool [94] {0x000000012ca03680} for 'telran/util/Length' (extra) cache=0x000000012ca0c628
 - generic signature: '
[error occurred during error reporting (printing register info), id 0xb, SIGSEGV (0xb) at pc=0x000000010ebeda12]

Registers:
RAX=0x000000012c8bc550, RBX=0x00000000005e0007, RCX=0x000000000000005f, RDX=0x0000000000000005
RSP=0x00007000097d6a70, RBP=0x00007000097d6a90, RSI=0x00007fba00b07ee0, RDI=0x00000000005e0007
R8 =0x0000000000000001, R9 =0x0000000000000012, R10=0x00000000000007fb, R11=0xffffe0460102a3a0
R12=0x0000600001556040, R13=0x00007fba00b08298, R14=0x0000000800c85220, R15=0x0000000000000000
RIP=0x000000010ebec5bd, EFLAGS=0x0000000000010202, ERR=0x0000000000000004
  TRAPNO=0x000000000000000e

Top of Stack: (sp=0x00007000097d6a70)
0x00007000097d6a70:   000000012c8bc550 0000600001b32280
0x00007000097d6a80:   0000000800c85220 0000000000000000
0x00007000097d6a90:   00007000097d6b00 000000010e8f864a
0x00007000097d6aa0:   00007fba00b07eb0 00007fba00b07ec0
0x00007000097d6ab0:   00000000000003d8 00007000097d6b78
0x00007000097d6ac0:   00007000097d6bd0 00007fba00a04080
0x00007000097d6ad0:   00007fba00b08298 00007000097d6b78
0x00007000097d6ae0:   00007fba00a04080 00007fba02029400
0x00007000097d6af0:   0000000786704488 0000000000000015
0x00007000097d6b00:   00007000097d6b60 000000010e8b79fa
0x00007000097d6b10:   00007fba02029400 0000000000000000
0x00007000097d6b20:   00007fb900000000 0000000000000000
0x00007000097d6b30:   00007000097d6bd0 00007fb9fff0d950
0x00007000097d6b40:   00007000097d6bc8 00007000097d6c88
0x00007000097d6b50:   00007000097d6bd0 00007fb9fff0d950
0x00007000097d6b60:   00007000097d6ba0 000000010d2aa70a
0x00007000097d6b70:   00007000097d6ba0 0000600001b32280
0x00007000097d6b80:   00007fb9fff0d950 0000000000000007
0x00007000097d6b90:   0000000000000001 000000000000018c
0x00007000097d6ba0:   00007000097d6c10 000000010d28b0be
0x00007000097d6bb0:   000000000000092c 00007fba020296a8
0x00007000097d6bc0:   0000000100000008 0000000000000000
0x00007000097d6bd0:   0000000000000000 000009d60d28b206
0x00007000097d6be0:   00007fba00215400 000000010d28ac30
0x00007000097d6bf0:   000000010d2b5458 0000600001b08f20
0x00007000097d6c00:   00007000097d6c88 00007000097d6c30
0x00007000097d6c10:   00007000097d6c20 000000010d28ac41
0x00007000097d6c20:   00007000097d6e40 000000010d290963
0x00007000097d6c30:   0000000000000000 0000000000000000
0x00007000097d6c40:   000053580000000b 000000010e140100
0x00007000097d6c50:   0000000000000000 0000600001b38440
0x00007000097d6c60:   000000010d2ae67d 000000010d2ae64d 

Instructions: (pc=0x000000010ebec5bd)
0x000000010ebec4bd:   88 4c 30 01 0f b6 4c 37 08 88 4c 30 02 0f b6 4c
0x000000010ebec4cd:   37 09 88 4c 30 03 48 83 c6 04 49 39 f1 75 d4 e9
0x000000010ebec4dd:   c4 00 00 00 44 89 ce 83 e6 e0 48 8d 4e e0 48 89
0x000000010ebec4ed:   ca 48 c1 ea 05 48 ff c2 41 89 d2 41 83 e2 03 48
0x000000010ebec4fd:   83 f9 60 73 04 31 d2 eb 63 4c 89 d1 48 29 d1 31
0x000000010ebec50d:   d2 66 90 0f 10 44 17 06 0f 10 4c 17 16 0f 11 04
0x000000010ebec51d:   10 0f 11 4c 10 10 0f 10 44 17 26 0f 10 4c 17 36
0x000000010ebec52d:   0f 11 44 10 20 0f 11 4c 10 30 0f 10 44 17 46 0f
0x000000010ebec53d:   10 4c 17 56 0f 11 44 10 40 0f 11 4c 10 50 0f 10
0x000000010ebec54d:   44 17 66 0f 10 4c 17 76 0f 11 44 10 60 0f 11 4c
0x000000010ebec55d:   10 70 48 83 ea 80 48 83 c1 04 75 a7 4d 85 d2 74
0x000000010ebec56d:   2e 49 f7 da 66 2e 0f 1f 84 00 00 00 00 00 0f 1f
0x000000010ebec57d:   44 00 00 0f 10 44 17 06 0f 10 4c 17 16 0f 11 04
0x000000010ebec58d:   10 0f 11 4c 10 10 48 83 c2 20 49 ff c2 75 e4 4c
0x000000010ebec59d:   39 ce 0f 85 d3 fe ff ff 49 63 c8 c6 04 08 00 5d
0x000000010ebec5ad:   c3 66 90 55 48 89 e5 41 57 41 56 53 50 48 89 fb
0x000000010ebec5bd:   44 0f b7 7f 04 49 8d 7f 01 45 31 f6 31 f6 e8 10
0x000000010ebec5cd:   34 f6 ff 0f b7 4b 04 41 39 cf 41 0f 42 cf 85 c9
0x000000010ebec5dd:   0f 8e 52 01 00 00 41 89 ce 83 f9 20 72 19 49 8d
0x000000010ebec5ed:   4c 1e 06 48 39 c8 73 7c 48 89 c1 4c 01 f1 48 8d
0x000000010ebec5fd:   53 06 48 39 ca 73 6d 31 c9 48 89 cf 48 f7 d7 4c
0x000000010ebec60d:   01 f7 4c 89 f6 48 83 e6 03 74 18 0f 1f 84 00 00
0x000000010ebec61d:   00 00 00 0f b6 54 0b 06 88 14 08 48 ff c1 48 ff
0x000000010ebec62d:   ce 75 f0 48 83 ff 03 0f 82 fb 00 00 00 66 0f 1f
0x000000010ebec63d:   44 00 00 0f b6 54 0b 06 88 14 08 0f b6 54 0b 07
0x000000010ebec64d:   88 54 08 01 0f b6 54 0b 08 88 54 08 02 0f b6 54
0x000000010ebec65d:   0b 09 88 54 08 03 48 83 c1 04 49 39 ce 75 d4 e9
0x000000010ebec66d:   c4 00 00 00 44 89 f1 83 e1 e0 48 8d 71 e0 48 89
0x000000010ebec67d:   f7 48 c1 ef 05 48 ff c7 89 fa 83 e2 03 48 83 fe
0x000000010ebec68d:   60 73 04 31 f6 eb 65 48 29 d7 31 f6 0f 1f 80 00
0x000000010ebec69d:   00 00 00 0f 10 44 33 06 0f 10 4c 33 16 0f 11 04
0x000000010ebec6ad:   30 0f 11 4c 30 10 0f 10 44 33 26 0f 10 4c 33 36 


Stack slot to memory mapping:
stack at sp + 0 slots: 0x000000012c8bc550 is pointing into metadata
stack at sp + 1 slots: 0x0000600001b32280 points into unknown readable memory: 0x2f6e61726c65744c | 4c 74 65 6c 72 61 6e 2f
stack at sp + 2 slots: 0x0000000800c85220 is a pointer to class: 
telran.util.Length {0x0000000800c85220}
 - instance size:     3
 - klass size:        72
 - access:            public synchronized 
 - state:             fully_initialized
 - name:              'telran/util/Length'
 - super:             'java/lang/Object'
 - sub:               
 - arrays:            NULL
 - methods:           Array<T>(0x000000012ca035e0)
 - method ordering:   Array<T>(0x000000012ca0b968)
 - default_methods:   Array<T>(0x0000000000000000)
 - local interfaces:  Array<T>(0x000000012c909cf8)
 - trans. interfaces: Array<T>(0x000000012c909cf8)
 - constants:         constant pool [117] {0x000000012c8bc550} for 'telran/util/Length' cache=0x000000012ca0e280
 - class loader data:  loader data: 0x0000600002a590e0 for instance a 'jdk/internal/loader/ClassLoaders$AppClassLoader'{0x0000000780000000}
 - source file:       'Length.java'
 - source debug extension:       SMAP
Length.java
Java
*S jdt
*F
1 Length.java
2 file:/Users/jt/eclipse-workspace-42/enumeration/bin/
*L
*E

 - class annotations:       Array<T>(0x0000000000000000)
 - class type annotations:  Array<T>(0x0000000000000000)
 - field annotations:       Array<T>(0x0000000000000000)
 - field type annotations:  Array<T>(0x0000000000000000)
 - previous version:  constant pool [94] {0x000000012ca03680} for 'telran/util/Length' (extra) cache=0x000000012ca0c628
 - generic signature: '
[error occurred during error reporting (inspecting top of stack), id 0xb, SIGSEGV (0xb) at pc=0x000000010ebeda12]


---------------  P R O C E S S  ---------------

Threads class SMR info:
_java_thread_list=0x0000600001b64940, length=15, elements={
0x00007fba0000aa00, 0x00007fba0180d800, 0x00007fba0006c600, 0x00007fba01819a00,
0x00007fba01818e00, 0x00007fba01819400, 0x00007fba0103b800, 0x00007fba0103be00,
0x00007fba0103c400, 0x00007fba0181a000, 0x00007fba02029400, 0x00007fba02029a00,
0x00007fba00074a00, 0x00007fba02044600, 0x00007fba018b7800
}

Java Threads: ( => current thread )
  0x00007fba0000aa00 JavaThread "main" [_thread_blocked, id=6403, stack(0x00007000085a1000,0x00007000086a1000)]
  0x00007fba0180d800 JavaThread "Reference Handler" daemon [_thread_blocked, id=15619, stack(0x0000700008cb6000,0x0000700008db6000)]
  0x00007fba0006c600 JavaThread "Finalizer" daemon [_thread_blocked, id=16131, stack(0x0000700008db9000,0x0000700008eb9000)]
  0x00007fba01819a00 JavaThread "Signal Dispatcher" daemon [_thread_blocked, id=42243, stack(0x0000700008fc2000,0x00007000090c2000)]
  0x00007fba01818e00 JavaThread "Service Thread" daemon [_thread_blocked, id=41987, stack(0x00007000090c5000,0x00007000091c5000)]
  0x00007fba01819400 JavaThread "Monitor Deflation Thread" daemon [_thread_blocked, id=23043, stack(0x00007000091c8000,0x00007000092c8000)]
  0x00007fba0103b800 JavaThread "C2 CompilerThread0" daemon [_thread_blocked, id=41475, stack(0x00007000092cb000,0x00007000093cb000)]
  0x00007fba0103be00 JavaThread "C1 CompilerThread0" daemon [_thread_blocked, id=23811, stack(0x00007000093ce000,0x00007000094ce000)]
  0x00007fba0103c400 JavaThread "Sweeper thread" daemon [_thread_blocked, id=24067, stack(0x00007000094d1000,0x00007000095d1000)]
  0x00007fba0181a000 JavaThread "Common-Cleaner" daemon [_thread_blocked, id=40963, stack(0x00007000095d4000,0x00007000096d4000)]
=>0x00007fba02029400 JavaThread "JDWP Transport Listener: dt_socket" daemon [_thread_in_vm, id=24583, stack(0x00007000096d7000,0x00007000097d7000)]
  0x00007fba02029a00 JavaThread "JDWP Event Helper Thread" daemon [_thread_blocked, id=25091, stack(0x00007000097da000,0x00007000098da000)]
  0x00007fba00074a00 JavaThread "JDWP Command Reader" daemon [_thread_in_native, id=40451, stack(0x00007000098dd000,0x00007000099dd000)]
  0x00007fba02044600 JavaThread "Notification Thread" daemon [_thread_blocked, id=25859, stack(0x00007000099e0000,0x0000700009ae0000)]
  0x00007fba018b7800 JavaThread "ReaderThread" [_thread_in_native, id=26627, stack(0x0000700009be6000,0x0000700009ce6000)]

Other Threads:
  0x00007fba00a05de0 VMThread "VM Thread" [stack: 0x0000700008bb3000,0x0000700008cb3000] [id=17155]
  0x00007fba008284a0 WatcherThread [stack: 0x0000700009ae3000,0x0000700009be3000] [id=26371]
  0x00007fba00806c40 GCTaskThread "GC Thread#0" [stack: 0x00007000086a4000,0x00007000087a4000] [id=12547]
  0x00007fba00b12a00 GCTaskThread "GC Thread#1" [stack: 0x0000700009ce9000,0x0000700009de9000] [id=39939]
  0x00007fba00b13260 GCTaskThread "GC Thread#2" [stack: 0x0000700009dec000,0x0000700009eec000] [id=39683]
  0x00007fb9fff17890 GCTaskThread "GC Thread#3" [stack: 0x0000700009eef000,0x0000700009fef000] [id=39427]
  0x00007fb9fff05aa0 ConcurrentGCThread "G1 Main Marker" [stack: 0x00007000087a7000,0x00007000088a7000] [id=19971]
  0x00007fba008070b0 ConcurrentGCThread "G1 Conc#0" [stack: 0x00007000088aa000,0x00007000089aa000] [id=18947]
  0x00007fba00807910 ConcurrentGCThread "G1 Refine#0" [stack: 0x00007000089ad000,0x0000700008aad000] [id=18435]
  0x00007fba008082e0 ConcurrentGCThread "G1 Service" [stack: 0x0000700008ab0000,0x0000700008bb0000] [id=13571]

Threads with active compile tasks:

VM state: not at safepoint (normal execution)

VM Mutex/Monitor currently owned by a thread: None

Heap address: 0x0000000780000000, size: 2048 MB, Compressed Oops mode: Zero based, Oop shift amount: 3

CDS archive(s) mapped at: [0x0000000800000000-0x0000000800bd0000-0x0000000800bd0000), size 12386304, SharedBaseAddress: 0x0000000800000000, ArchiveRelocationMode: 0.
Compressed class space mapped at: 0x0000000800c00000-0x0000000840c00000, reserved size: 1073741824
Narrow klass base: 0x0000000800000000, Narrow klass shift: 0, Narrow klass range: 0x100000000

GC Precious Log:
 CPUs: 4 total, 4 available
 Memory: 8192M
 Large Page Support: Disabled
 NUMA Support: Disabled
 Compressed Oops: Enabled (Zero based)
 Heap Region Size: 1M
 Heap Min Capacity: 8M
 Heap Initial Capacity: 128M
 Heap Max Capacity: 2G
 Pre-touch: Disabled
 Parallel Workers: 4
 Concurrent Workers: 1
 Concurrent Refinement Workers: 4
 Periodic GC: Disabled

Heap:
 garbage-first heap   total 133120K, used 5807K [0x0000000780000000, 0x0000000800000000)
  region size 1024K, 5 young (5120K), 2 survivors (2048K)
 Metaspace       used 6710K, committed 6912K, reserved 1056768K
  class space    used 794K, committed 896K, reserved 1048576K

Heap Regions: E=young(eden), S=young(survivor), O=old, HS=humongous(starts), HC=humongous(continues), CS=collection set, F=free, OA=open archive, CA=closed archive, TAMS=top-at-mark-start (previous, next)
|   0|0x0000000780000000, 0x0000000780100000, 0x0000000780100000|100%| O|  |TAMS 0x0000000780000000, 0x0000000780000000| Untracked 
|   1|0x0000000780100000, 0x00000007801a4a00, 0x0000000780200000| 64%| O|  |TAMS 0x0000000780100000, 0x0000000780100000| Untracked 
|   2|0x0000000780200000, 0x0000000780200000, 0x0000000780300000|  0%| F|  |TAMS 0x0000000780200000, 0x0000000780200000| Untracked 
|   3|0x0000000780300000, 0x0000000780300000, 0x0000000780400000|  0%| F|  |TAMS 0x0000000780300000, 0x0000000780300000| Untracked 
|   4|0x0000000780400000, 0x0000000780400000, 0x0000000780500000|  0%| F|  |TAMS 0x0000000780400000, 0x0000000780400000| Untracked 
|   5|0x0000000780500000, 0x0000000780500000, 0x0000000780600000|  0%| F|  |TAMS 0x0000000780500000, 0x0000000780500000| Untracked 
|   6|0x0000000780600000, 0x0000000780600000, 0x0000000780700000|  0%| F|  |TAMS 0x0000000780600000, 0x0000000780600000| Untracked 
|   7|0x0000000780700000, 0x0000000780700000, 0x0000000780800000|  0%| F|  |TAMS 0x0000000780700000, 0x0000000780700000| Untracked 
|   8|0x0000000780800000, 0x0000000780800000, 0x0000000780900000|  0%| F|  |TAMS 0x0000000780800000, 0x0000000780800000| Untracked 
|   9|0x0000000780900000, 0x0000000780900000, 0x0000000780a00000|  0%| F|  |TAMS 0x0000000780900000, 0x0000000780900000| Untracked 
|  10|0x0000000780a00000, 0x0000000780a00000, 0x0000000780b00000|  0%| F|  |TAMS 0x0000000780a00000, 0x0000000780a00000| Untracked 
|  11|0x0000000780b00000, 0x0000000780b00000, 0x0000000780c00000|  0%| F|  |TAMS 0x0000000780b00000, 0x0000000780b00000| Untracked 
|  12|0x0000000780c00000, 0x0000000780c00000, 0x0000000780d00000|  0%| F|  |TAMS 0x0000000780c00000, 0x0000000780c00000| Untracked 
|  13|0x0000000780d00000, 0x0000000780d00000, 0x0000000780e00000|  0%| F|  |TAMS 0x0000000780d00000, 0x0000000780d00000| Untracked 
|  14|0x0000000780e00000, 0x0000000780e00000, 0x0000000780f00000|  0%| F|  |TAMS 0x0000000780e00000, 0x0000000780e00000| Untracked 
|  15|0x0000000780f00000, 0x0000000780f00000, 0x0000000781000000|  0%| F|  |TAMS 0x0000000780f00000, 0x0000000780f00000| Untracked 
|  16|0x0000000781000000, 0x0000000781000000, 0x0000000781100000|  0%| F|  |TAMS 0x0000000781000000, 0x0000000781000000| Untracked 
|  17|0x0000000781100000, 0x0000000781100000, 0x0000000781200000|  0%| F|  |TAMS 0x0000000781100000, 0x0000000781100000| Untracked 
|  18|0x0000000781200000, 0x0000000781200000, 0x0000000781300000|  0%| F|  |TAMS 0x0000000781200000, 0x0000000781200000| Untracked 
|  19|0x0000000781300000, 0x0000000781300000, 0x0000000781400000|  0%| F|  |TAMS 0x0000000781300000, 0x0000000781300000| Untracked 
|  20|0x0000000781400000, 0x0000000781400000, 0x0000000781500000|  0%| F|  |TAMS 0x0000000781400000, 0x0000000781400000| Untracked 
|  21|0x0000000781500000, 0x0000000781500000, 0x0000000781600000|  0%| F|  |TAMS 0x0000000781500000, 0x0000000781500000| Untracked 
|  22|0x0000000781600000, 0x0000000781600000, 0x0000000781700000|  0%| F|  |TAMS 0x0000000781600000, 0x0000000781600000| Untracked 
|  23|0x0000000781700000, 0x0000000781700000, 0x0000000781800000|  0%| F|  |TAMS 0x0000000781700000, 0x0000000781700000| Untracked 
|  24|0x0000000781800000, 0x0000000781800000, 0x0000000781900000|  0%| F|  |TAMS 0x0000000781800000, 0x0000000781800000| Untracked 
|  25|0x0000000781900000, 0x0000000781900000, 0x0000000781a00000|  0%| F|  |TAMS 0x0000000781900000, 0x0000000781900000| Untracked 
|  26|0x0000000781a00000, 0x0000000781a00000, 0x0000000781b00000|  0%| F|  |TAMS 0x0000000781a00000, 0x0000000781a00000| Untracked 
|  27|0x0000000781b00000, 0x0000000781b00000, 0x0000000781c00000|  0%| F|  |TAMS 0x0000000781b00000, 0x0000000781b00000| Untracked 
|  28|0x0000000781c00000, 0x0000000781c00000, 0x0000000781d00000|  0%| F|  |TAMS 0x0000000781c00000, 0x0000000781c00000| Untracked 
|  29|0x0000000781d00000, 0x0000000781d00000, 0x0000000781e00000|  0%| F|  |TAMS 0x0000000781d00000, 0x0000000781d00000| Untracked 
|  30|0x0000000781e00000, 0x0000000781e00000, 0x0000000781f00000|  0%| F|  |TAMS 0x0000000781e00000, 0x0000000781e00000| Untracked 
|  31|0x0000000781f00000, 0x0000000781f00000, 0x0000000782000000|  0%| F|  |TAMS 0x0000000781f00000, 0x0000000781f00000| Untracked 
|  32|0x0000000782000000, 0x0000000782000000, 0x0000000782100000|  0%| F|  |TAMS 0x0000000782000000, 0x0000000782000000| Untracked 
|  33|0x0000000782100000, 0x0000000782100000, 0x0000000782200000|  0%| F|  |TAMS 0x0000000782100000, 0x0000000782100000| Untracked 
|  34|0x0000000782200000, 0x0000000782200000, 0x0000000782300000|  0%| F|  |TAMS 0x0000000782200000, 0x0000000782200000| Untracked 
|  35|0x0000000782300000, 0x0000000782300000, 0x0000000782400000|  0%| F|  |TAMS 0x0000000782300000, 0x0000000782300000| Untracked 
|  36|0x0000000782400000, 0x0000000782400000, 0x0000000782500000|  0%| F|  |TAMS 0x0000000782400000, 0x0000000782400000| Untracked 
|  37|0x0000000782500000, 0x0000000782500000, 0x0000000782600000|  0%| F|  |TAMS 0x0000000782500000, 0x0000000782500000| Untracked 
|  38|0x0000000782600000, 0x0000000782600000, 0x0000000782700000|  0%| F|  |TAMS 0x0000000782600000, 0x0000000782600000| Untracked 
|  39|0x0000000782700000, 0x0000000782700000, 0x0000000782800000|  0%| F|  |TAMS 0x0000000782700000, 0x0000000782700000| Untracked 
|  40|0x0000000782800000, 0x0000000782800000, 0x0000000782900000|  0%| F|  |TAMS 0x0000000782800000, 0x0000000782800000| Untracked 
|  41|0x0000000782900000, 0x0000000782900000, 0x0000000782a00000|  0%| F|  |TAMS 0x0000000782900000, 0x0000000782900000| Untracked 
|  42|0x0000000782a00000, 0x0000000782a00000, 0x0000000782b00000|  0%| F|  |TAMS 0x0000000782a00000, 0x0000000782a00000| Untracked 
|  43|0x0000000782b00000, 0x0000000782b00000, 0x0000000782c00000|  0%| F|  |TAMS 0x0000000782b00000, 0x0000000782b00000| Untracked 
|  44|0x0000000782c00000, 0x0000000782c00000, 0x0000000782d00000|  0%| F|  |TAMS 0x0000000782c00000, 0x0000000782c00000| Untracked 
|  45|0x0000000782d00000, 0x0000000782d00000, 0x0000000782e00000|  0%| F|  |TAMS 0x0000000782d00000, 0x0000000782d00000| Untracked 
|  46|0x0000000782e00000, 0x0000000782e00000, 0x0000000782f00000|  0%| F|  |TAMS 0x0000000782e00000, 0x0000000782e00000| Untracked 
|  47|0x0000000782f00000, 0x0000000782f00000, 0x0000000783000000|  0%| F|  |TAMS 0x0000000782f00000, 0x0000000782f00000| Untracked 
|  48|0x0000000783000000, 0x0000000783000000, 0x0000000783100000|  0%| F|  |TAMS 0x0000000783000000, 0x0000000783000000| Untracked 
|  49|0x0000000783100000, 0x0000000783100000, 0x0000000783200000|  0%| F|  |TAMS 0x0000000783100000, 0x0000000783100000| Untracked 
|  50|0x0000000783200000, 0x0000000783200000, 0x0000000783300000|  0%| F|  |TAMS 0x0000000783200000, 0x0000000783200000| Untracked 
|  51|0x0000000783300000, 0x0000000783300000, 0x0000000783400000|  0%| F|  |TAMS 0x0000000783300000, 0x0000000783300000| Untracked 
|  52|0x0000000783400000, 0x0000000783400000, 0x0000000783500000|  0%| F|  |TAMS 0x0000000783400000, 0x0000000783400000| Untracked 
|  53|0x0000000783500000, 0x0000000783500000, 0x0000000783600000|  0%| F|  |TAMS 0x0000000783500000, 0x0000000783500000| Untracked 
|  54|0x0000000783600000, 0x0000000783600000, 0x0000000783700000|  0%| F|  |TAMS 0x0000000783600000, 0x0000000783600000| Untracked 
|  55|0x0000000783700000, 0x0000000783700000, 0x0000000783800000|  0%| F|  |TAMS 0x0000000783700000, 0x0000000783700000| Untracked 
|  56|0x0000000783800000, 0x0000000783800000, 0x0000000783900000|  0%| F|  |TAMS 0x0000000783800000, 0x0000000783800000| Untracked 
|  57|0x0000000783900000, 0x0000000783900000, 0x0000000783a00000|  0%| F|  |TAMS 0x0000000783900000, 0x0000000783900000| Untracked 
|  58|0x0000000783a00000, 0x0000000783a00000, 0x0000000783b00000|  0%| F|  |TAMS 0x0000000783a00000, 0x0000000783a00000| Untracked 
|  59|0x0000000783b00000, 0x0000000783b00000, 0x0000000783c00000|  0%| F|  |TAMS 0x0000000783b00000, 0x0000000783b00000| Untracked 
|  60|0x0000000783c00000, 0x0000000783c00000, 0x0000000783d00000|  0%| F|  |TAMS 0x0000000783c00000, 0x0000000783c00000| Untracked 
|  61|0x0000000783d00000, 0x0000000783d00000, 0x0000000783e00000|  0%| F|  |TAMS 0x0000000783d00000, 0x0000000783d00000| Untracked 
|  62|0x0000000783e00000, 0x0000000783e00000, 0x0000000783f00000|  0%| F|  |TAMS 0x0000000783e00000, 0x0000000783e00000| Untracked 
|  63|0x0000000783f00000, 0x0000000783f00000, 0x0000000784000000|  0%| F|  |TAMS 0x0000000783f00000, 0x0000000783f00000| Untracked 
|  64|0x0000000784000000, 0x0000000784000000, 0x0000000784100000|  0%| F|  |TAMS 0x0000000784000000, 0x0000000784000000| Untracked 
|  65|0x0000000784100000, 0x0000000784100000, 0x0000000784200000|  0%| F|  |TAMS 0x0000000784100000, 0x0000000784100000| Untracked 
|  66|0x0000000784200000, 0x0000000784200000, 0x0000000784300000|  0%| F|  |TAMS 0x0000000784200000, 0x0000000784200000| Untracked 
|  67|0x0000000784300000, 0x0000000784300000, 0x0000000784400000|  0%| F|  |TAMS 0x0000000784300000, 0x0000000784300000| Untracked 
|  68|0x0000000784400000, 0x0000000784400000, 0x0000000784500000|  0%| F|  |TAMS 0x0000000784400000, 0x0000000784400000| Untracked 
|  69|0x0000000784500000, 0x0000000784500000, 0x0000000784600000|  0%| F|  |TAMS 0x0000000784500000, 0x0000000784500000| Untracked 
|  70|0x0000000784600000, 0x0000000784600000, 0x0000000784700000|  0%| F|  |TAMS 0x0000000784600000, 0x0000000784600000| Untracked 
|  71|0x0000000784700000, 0x0000000784700000, 0x0000000784800000|  0%| F|  |TAMS 0x0000000784700000, 0x0000000784700000| Untracked 
|  72|0x0000000784800000, 0x0000000784800000, 0x0000000784900000|  0%| F|  |TAMS 0x0000000784800000, 0x0000000784800000| Untracked 
|  73|0x0000000784900000, 0x0000000784900000, 0x0000000784a00000|  0%| F|  |TAMS 0x0000000784900000, 0x0000000784900000| Untracked 
|  74|0x0000000784a00000, 0x0000000784a00000, 0x0000000784b00000|  0%| F|  |TAMS 0x0000000784a00000, 0x0000000784a00000| Untracked 
|  75|0x0000000784b00000, 0x0000000784b00000, 0x0000000784c00000|  0%| F|  |TAMS 0x0000000784b00000, 0x0000000784b00000| Untracked 
|  76|0x0000000784c00000, 0x0000000784c00000, 0x0000000784d00000|  0%| F|  |TAMS 0x0000000784c00000, 0x0000000784c00000| Untracked 
|  77|0x0000000784d00000, 0x0000000784d00000, 0x0000000784e00000|  0%| F|  |TAMS 0x0000000784d00000, 0x0000000784d00000| Untracked 
|  78|0x0000000784e00000, 0x0000000784e00000, 0x0000000784f00000|  0%| F|  |TAMS 0x0000000784e00000, 0x0000000784e00000| Untracked 
|  79|0x0000000784f00000, 0x0000000784f00000, 0x0000000785000000|  0%| F|  |TAMS 0x0000000784f00000, 0x0000000784f00000| Untracked 
|  80|0x0000000785000000, 0x0000000785000000, 0x0000000785100000|  0%| F|  |TAMS 0x0000000785000000, 0x0000000785000000| Untracked 
|  81|0x0000000785100000, 0x0000000785100000, 0x0000000785200000|  0%| F|  |TAMS 0x0000000785100000, 0x0000000785100000| Untracked 
|  82|0x0000000785200000, 0x0000000785200000, 0x0000000785300000|  0%| F|  |TAMS 0x0000000785200000, 0x0000000785200000| Untracked 
|  83|0x0000000785300000, 0x0000000785300000, 0x0000000785400000|  0%| F|  |TAMS 0x0000000785300000, 0x0000000785300000| Untracked 
|  84|0x0000000785400000, 0x0000000785400000, 0x0000000785500000|  0%| F|  |TAMS 0x0000000785400000, 0x0000000785400000| Untracked 
|  85|0x0000000785500000, 0x0000000785500000, 0x0000000785600000|  0%| F|  |TAMS 0x0000000785500000, 0x0000000785500000| Untracked 
|  86|0x0000000785600000, 0x0000000785600000, 0x0000000785700000|  0%| F|  |TAMS 0x0000000785600000, 0x0000000785600000| Untracked 
|  87|0x0000000785700000, 0x0000000785700000, 0x0000000785800000|  0%| F|  |TAMS 0x0000000785700000, 0x0000000785700000| Untracked 
|  88|0x0000000785800000, 0x0000000785800000, 0x0000000785900000|  0%| F|  |TAMS 0x0000000785800000, 0x0000000785800000| Untracked 
|  89|0x0000000785900000, 0x0000000785900000, 0x0000000785a00000|  0%| F|  |TAMS 0x0000000785900000, 0x0000000785900000| Untracked 
|  90|0x0000000785a00000, 0x0000000785a00000, 0x0000000785b00000|  0%| F|  |TAMS 0x0000000785a00000, 0x0000000785a00000| Untracked 
|  91|0x0000000785b00000, 0x0000000785b00000, 0x0000000785c00000|  0%| F|  |TAMS 0x0000000785b00000, 0x0000000785b00000| Untracked 
|  92|0x0000000785c00000, 0x0000000785c00000, 0x0000000785d00000|  0%| F|  |TAMS 0x0000000785c00000, 0x0000000785c00000| Untracked 
|  93|0x0000000785d00000, 0x0000000785d00000, 0x0000000785e00000|  0%| F|  |TAMS 0x0000000785d00000, 0x0000000785d00000| Untracked 
|  94|0x0000000785e00000, 0x0000000785e00000, 0x0000000785f00000|  0%| F|  |TAMS 0x0000000785e00000, 0x0000000785e00000| Untracked 
|  95|0x0000000785f00000, 0x0000000785f00000, 0x0000000786000000|  0%| F|  |TAMS 0x0000000785f00000, 0x0000000785f00000| Untracked 
|  96|0x0000000786000000, 0x0000000786000000, 0x0000000786100000|  0%| F|  |TAMS 0x0000000786000000, 0x0000000786000000| Untracked 
|  97|0x0000000786100000, 0x0000000786100000, 0x0000000786200000|  0%| F|  |TAMS 0x0000000786100000, 0x0000000786100000| Untracked 
|  98|0x0000000786200000, 0x0000000786200000, 0x0000000786300000|  0%| F|  |TAMS 0x0000000786200000, 0x0000000786200000| Untracked 
|  99|0x0000000786300000, 0x0000000786300000, 0x0000000786400000|  0%| F|  |TAMS 0x0000000786300000, 0x0000000786300000| Untracked 
| 100|0x0000000786400000, 0x0000000786400000, 0x0000000786500000|  0%| F|  |TAMS 0x0000000786400000, 0x0000000786400000| Untracked 
| 101|0x0000000786500000, 0x0000000786500000, 0x0000000786600000|  0%| F|  |TAMS 0x0000000786500000, 0x0000000786500000| Untracked 
| 102|0x0000000786600000, 0x0000000786613248, 0x0000000786700000|  7%| S|CS|TAMS 0x0000000786600000, 0x0000000786600000| Complete 
| 103|0x0000000786700000, 0x0000000786800000, 0x0000000786800000|100%| S|CS|TAMS 0x0000000786700000, 0x0000000786700000| Complete 
| 104|0x0000000786800000, 0x0000000786800000, 0x0000000786900000|  0%| F|  |TAMS 0x0000000786800000, 0x0000000786800000| Untracked 
| 105|0x0000000786900000, 0x0000000786900000, 0x0000000786a00000|  0%| F|  |TAMS 0x0000000786900000, 0x0000000786900000| Untracked 
| 106|0x0000000786a00000, 0x0000000786a00000, 0x0000000786b00000|  0%| F|  |TAMS 0x0000000786a00000, 0x0000000786a00000| Untracked 
| 107|0x0000000786b00000, 0x0000000786b00000, 0x0000000786c00000|  0%| F|  |TAMS 0x0000000786b00000, 0x0000000786b00000| Untracked 
| 108|0x0000000786c00000, 0x0000000786c00000, 0x0000000786d00000|  0%| F|  |TAMS 0x0000000786c00000, 0x0000000786c00000| Untracked 
| 109|0x0000000786d00000, 0x0000000786d00000, 0x0000000786e00000|  0%| F|  |TAMS 0x0000000786d00000, 0x0000000786d00000| Untracked 
| 110|0x0000000786e00000, 0x0000000786e00000, 0x0000000786f00000|  0%| F|  |TAMS 0x0000000786e00000, 0x0000000786e00000| Untracked 
| 111|0x0000000786f00000, 0x0000000786f00000, 0x0000000787000000|  0%| F|  |TAMS 0x0000000786f00000, 0x0000000786f00000| Untracked 
| 112|0x0000000787000000, 0x0000000787000000, 0x0000000787100000|  0%| F|  |TAMS 0x0000000787000000, 0x0000000787000000| Untracked 
| 113|0x0000000787100000, 0x0000000787100000, 0x0000000787200000|  0%| F|  |TAMS 0x0000000787100000, 0x0000000787100000| Untracked 
| 114|0x0000000787200000, 0x0000000787200000, 0x0000000787300000|  0%| F|  |TAMS 0x0000000787200000, 0x0000000787200000| Untracked 
| 115|0x0000000787300000, 0x0000000787300000, 0x0000000787400000|  0%| F|  |TAMS 0x0000000787300000, 0x0000000787300000| Untracked 
| 116|0x0000000787400000, 0x0000000787400000, 0x0000000787500000|  0%| F|  |TAMS 0x0000000787400000, 0x0000000787400000| Untracked 
| 117|0x0000000787500000, 0x0000000787500000, 0x0000000787600000|  0%| F|  |TAMS 0x0000000787500000, 0x0000000787500000| Untracked 
| 118|0x0000000787600000, 0x0000000787600000, 0x0000000787700000|  0%| F|  |TAMS 0x0000000787600000, 0x0000000787600000| Untracked 
| 119|0x0000000787700000, 0x0000000787700000, 0x0000000787800000|  0%| F|  |TAMS 0x0000000787700000, 0x0000000787700000| Untracked 
| 120|0x0000000787800000, 0x0000000787800000, 0x0000000787900000|  0%| F|  |TAMS 0x0000000787800000, 0x0000000787800000| Untracked 
| 121|0x0000000787900000, 0x0000000787900000, 0x0000000787a00000|  0%| F|  |TAMS 0x0000000787900000, 0x0000000787900000| Untracked 
| 122|0x0000000787a00000, 0x0000000787a00000, 0x0000000787b00000|  0%| F|  |TAMS 0x0000000787a00000, 0x0000000787a00000| Untracked 
| 123|0x0000000787b00000, 0x0000000787b00000, 0x0000000787c00000|  0%| F|  |TAMS 0x0000000787b00000, 0x0000000787b00000| Untracked 
| 124|0x0000000787c00000, 0x0000000787c00000, 0x0000000787d00000|  0%| F|  |TAMS 0x0000000787c00000, 0x0000000787c00000| Untracked 
| 125|0x0000000787d00000, 0x0000000787e00000, 0x0000000787e00000|100%| E|  |TAMS 0x0000000787d00000, 0x0000000787d00000| Complete 
| 126|0x0000000787e00000, 0x0000000787f00000, 0x0000000787f00000|100%| E|CS|TAMS 0x0000000787e00000, 0x0000000787e00000| Complete 
| 127|0x0000000787f00000, 0x0000000788000000, 0x0000000788000000|100%| E|CS|TAMS 0x0000000787f00000, 0x0000000787f00000| Complete 
|2046|0x00000007ffe00000, 0x00000007ffe75000, 0x00000007fff00000| 45%|OA|  |TAMS 0x00000007ffe00000, 0x00000007ffe00000| Untracked 
|2047|0x00000007fff00000, 0x00000007fff7f000, 0x0000000800000000| 49%|CA|  |TAMS 0x00000007fff00000, 0x00000007fff00000| Untracked 

Card table byte_map: [0x000000010d90a000,0x000000010dd0a000] _byte_map_base: 0x0000000109d0a000

Marking Bits (Prev, Next): (CMBitMap*) 0x00007fba00009410, (CMBitMap*) 0x00007fba00009450
 Prev Bits: [0x000000012610d000, 0x000000012810d000)
 Next Bits: [0x000000012810d000, 0x000000012a10d000)

Polling page: 0x000000010d1e4000

Metaspace:

Usage:
  Non-class:      5.78 MB used.
      Class:    794.93 KB used.
       Both:      6.55 MB used.

Virtual space:
  Non-class space:        8.00 MB reserved,       5.88 MB ( 73%) committed,  1 nodes.
      Class space:        1.00 GB reserved,     896.00 KB ( <1%) committed,  1 nodes.
             Both:        1.01 GB reserved,       6.75 MB ( <1%) committed. 

Chunk freelists:
   Non-Class:  1.91 MB
       Class:  3.07 MB
        Both:  4.98 MB

MaxMetaspaceSize: unlimited
CompressedClassSpaceSize: 1.00 GB
Initial GC threshold: 21.00 MB
Current GC threshold: 21.00 MB
CDS: on
MetaspaceReclaimPolicy: balanced
 - commit_granule_bytes: 65536.
 - commit_granule_words: 8192.
 - virtual_space_node_default_size: 1048576.
 - enlarge_chunks_in_place: 1.
 - new_chunks_are_fully_committed: 0.
 - uncommit_free_chunks: 1.
 - use_allocation_guard: 0.
 - handle_deallocations: 1.


Internal statistics:

num_allocs_failed_limit: 0.
num_arena_births: 90.
num_arena_deaths: 0.
num_vsnodes_births: 2.
num_vsnodes_deaths: 0.
num_space_committed: 108.
num_space_uncommitted: 0.
num_chunks_returned_to_freelist: 0.
num_chunks_taken_from_freelist: 278.
num_chunk_merges: 0.
num_chunk_splits: 136.
num_chunks_enlarged: 82.
num_purges: 0.
num_inconsistent_stats: 0.

CodeHeap 'non-profiled nmethods': size=120032Kb used=438Kb max_used=438Kb free=119593Kb
 bounds [0x000000011ebd5000, 0x000000011ee45000, 0x000000012610d000]
CodeHeap 'profiled nmethods': size=120028Kb used=2817Kb max_used=2817Kb free=117211Kb
 bounds [0x000000011769e000, 0x000000011796e000, 0x000000011ebd5000]
CodeHeap 'non-nmethods': size=5700Kb used=1205Kb max_used=1235Kb free=4494Kb
 bounds [0x000000011710d000, 0x000000011737d000, 0x000000011769e000]
 total_blobs=1775 nmethods=1332 adapters=357
 compilation: enabled
              stopped_count=0, restarted_count=0
 full_count=0

Compilation events (20 events):
Event: 3929.010 Thread 0x00007fba0103b800 1343       4       java.lang.StringUTF16::compress (20 bytes)
Event: 3929.030 Thread 0x00007fba0103b800 

Event: 3976.665 Thread 0x00007fba0103b800 1344 %     4       org.eclipse.jdt.launching.internal.org.objectweb.asm.ByteVector::encodeUtf8 @ 12 (337 bytes)
Event: 3976.758 Thread 0x00007fba0103b800 

Event: 3992.716 Thread 0x00007fba0103b800 1345 %     4       org.eclipse.jdt.launching.internal.org.objectweb.asm.ClassReader::readUtf @ 18 (161 bytes)
Event: 3992.716 Thread 0x00007fba0103be00 1347       3       org.eclipse.jdt.launching.internal.org.objectweb.asm.ClassWriter::visit (160 bytes)
Event: 3992.717 Thread 0x00007fba0103be00 nmethod 1347 0x000000011795a890 code [0x000000011795aac0, 0x000000011795b350]
Event: 3992.717 Thread 0x00007fba0103be00 1346       3       org.eclipse.jdt.launching.internal.org.objectweb.asm.ClassVisitor::visit (50 bytes)
Event: 3992.727 Thread 0x00007fba0103be00 nmethod 1346 0x000000011795b810 code [0x000000011795b9e0, 0x000000011795bdb0]
Event: 3992.727 Thread 0x00007fba0103be00 1348       3       org.eclipse.jdt.launching.internal.org.objectweb.asm.SymbolTable::setMajorVersionAndClassName (19 bytes)
Event: 3992.728 Thread 0x00007fba0103be00 nmethod 1348 0x000000011795bf10 code [0x000000011795c0c0, 0x000000011795c2e0]
Event: 3992.728 Thread 0x00007fba0103be00 1349       3       org.eclipse.jdt.launching.internal.weaving.ClassfileTransformer$1::visitSource (125 bytes)
Event: 3992.729 Thread 0x00007fba0103be00 nmethod 1349 0x000000011795c410 code [0x000000011795c760, 0x000000011795d5f0]
Event: 3992.729 Thread 0x00007fba0103be00 1350       3       org.eclipse.jdt.launching.internal.org.objectweb.asm.ClassVisitor::visitSource (17 bytes)
Event: 3992.729 Thread 0x00007fba0103be00 nmethod 1350 0x000000011795dc10 code [0x000000011795ddc0, 0x000000011795dfe0]
Event: 3992.758 Thread 0x00007fba0103b800 

Event: 4307.240 Thread 0x00007fba0103b800 1351       4       java.lang.String::<init> (14 bytes)
Event: 4307.256 Thread 0x00007fba0103b800 

Event: 4362.800 Thread 0x00007fba0103be00 1352       3       org.eclipse.jdt.launching.internal.org.objectweb.asm.SymbolTable::hash (7 bytes)
Event: 4362.801 Thread 0x00007fba0103be00 nmethod 1352 0x000000011795e110 code [0x000000011795e2a0, 0x000000011795e390]

GC Heap History (4 events):
Event: 0.680 GC heap before
{Heap before GC invocations=0 (full 0):
 garbage-first heap   total 133120K, used 14288K [0x0000000780000000, 0x0000000800000000)
  region size 1024K, 13 young (13312K), 0 survivors (0K)
 Metaspace       used 3735K, committed 3904K, reserved 1056768K
  class space    used 350K, committed 448K, reserved 1048576K
}
Event: 0.684 GC heap after
{Heap after GC invocations=1 (full 0):
 garbage-first heap   total 133120K, used 2792K [0x0000000780000000, 0x0000000800000000)
  region size 1024K, 2 young (2048K), 2 survivors (2048K)
 Metaspace       used 3735K, committed 3904K, reserved 1056768K
  class space    used 350K, committed 448K, reserved 1048576K
}
Event: 1.441 GC heap before
{Heap before GC invocations=1 (full 0):
 garbage-first heap   total 133120K, used 25320K [0x0000000780000000, 0x0000000800000000)
  region size 1024K, 24 young (24576K), 2 survivors (2048K)
 Metaspace       used 6531K, committed 6720K, reserved 1056768K
  class space    used 767K, committed 896K, reserved 1048576K
}
Event: 1.446 GC heap after
{Heap after GC invocations=2 (full 0):
 garbage-first heap   total 133120K, used 3759K [0x0000000780000000, 0x0000000800000000)
  region size 1024K, 2 young (2048K), 2 survivors (2048K)
 Metaspace       used 6531K, committed 6720K, reserved 1056768K
  class space    used 767K, committed 896K, reserved 1048576K
}

Deoptimization events (20 events):
Event: 1.451 Thread 0x00007fba0000aa00 Uncommon trap: trap_request=0xffffff45 fr.pc=0x000000011ec0009c relative=0x00000000000006dc
Event: 1.451 Thread 0x00007fba0000aa00 Uncommon trap: reason=unstable_if action=reinterpret pc=0x000000011ec0009c method=org.eclipse.jdt.launching.internal.org.objectweb.asm.ClassReader.readUtf(II[C)Ljava/lang/String; @ 41 c2
Event: 1.451 Thread 0x00007fba0000aa00 DEOPT PACKING pc=0x000000011ec0009c sp=0x000070000869bce0
Event: 1.451 Thread 0x00007fba0000aa00 DEOPT UNPACKING pc=0x000000011715f099 sp=0x000070000869bcc8 mode 2
Event: 1.451 Thread 0x00007fba0000aa00 Uncommon trap: trap_request=0xffffff45 fr.pc=0x000000011ebfc614 relative=0x0000000000000474
Event: 1.451 Thread 0x00007fba0000aa00 Uncommon trap: reason=unstable_if action=reinterpret pc=0x000000011ebfc614 method=java.lang.StringUTF16.compress([CI[BII)I @ 20 c2
Event: 1.451 Thread 0x00007fba0000aa00 DEOPT PACKING pc=0x000000011ebfc614 sp=0x000070000869bb00
Event: 1.451 Thread 0x00007fba0000aa00 DEOPT UNPACKING pc=0x000000011715f099 sp=0x000070000869baa0 mode 2
Event: 1.451 Thread 0x00007fba0000aa00 Uncommon trap: trap_request=0xffffff45 fr.pc=0x000000011ec00e58 relative=0x0000000000000238
Event: 1.451 Thread 0x00007fba0000aa00 Uncommon trap: reason=unstable_if action=reinterpret pc=0x000000011ec00e58 method=java.lang.String.isLatin1()Z @ 10 c2
Event: 1.451 Thread 0x00007fba0000aa00 DEOPT PACKING pc=0x000000011ec00e58 sp=0x000070000869bd20
Event: 1.451 Thread 0x00007fba0000aa00 DEOPT UNPACKING pc=0x000000011715f099 sp=0x000070000869bc70 mode 2
Event: 1.451 Thread 0x00007fba0000aa00 Uncommon trap: trap_request=0xffffff45 fr.pc=0x000000011ebee080 relative=0x0000000000000060
Event: 1.451 Thread 0x00007fba0000aa00 Uncommon trap: reason=unstable_if action=reinterpret pc=0x000000011ebee080 method=java.lang.String.isLatin1()Z @ 10 c2
Event: 1.451 Thread 0x00007fba0000aa00 DEOPT PACKING pc=0x000000011ebee080 sp=0x000070000869bca0
Event: 1.451 Thread 0x00007fba0000aa00 DEOPT UNPACKING pc=0x000000011715f099 sp=0x000070000869bc60 mode 2
Event: 1.453 Thread 0x00007fba0000aa00 Uncommon trap: trap_request=0xffffff45 fr.pc=0x000000011ebe8768 relative=0x0000000000000048
Event: 1.453 Thread 0x00007fba0000aa00 Uncommon trap: reason=unstable_if action=reinterpret pc=0x000000011ebe8768 method=java.lang.CharacterData.of(I)Ljava/lang/CharacterData; @ 4 c2
Event: 1.453 Thread 0x00007fba0000aa00 DEOPT PACKING pc=0x000000011ebe8768 sp=0x000070000869d2b0
Event: 1.453 Thread 0x00007fba0000aa00 DEOPT UNPACKING pc=0x000000011715f099 sp=0x000070000869d270 mode 2

Classes unloaded (0 events):
No events

Classes redefined (20 events):
Event: 2998.880 Thread 0x00007fba00a05de0 redefined class name=telran.util.Length, count=8
Event: 3049.553 Thread 0x00007fba00a05de0 redefined class name=telran.util.Length, count=9
Event: 3151.588 Thread 0x00007fba00a05de0 redefined class name=telran.util.Length, count=10
Event: 3185.718 Thread 0x00007fba00a05de0 redefined class name=telran.util.Length, count=11
Event: 3384.476 Thread 0x00007fba00a05de0 redefined class name=telran.util.Length, count=12
Event: 3416.417 Thread 0x00007fba00a05de0 redefined class name=telran.util.Length, count=13
Event: 3491.976 Thread 0x00007fba00a05de0 redefined class name=telran.util.Length, count=14
Event: 3514.549 Thread 0x00007fba00a05de0 redefined class name=telran.util.Length, count=15
Event: 3610.213 Thread 0x00007fba00a05de0 redefined class name=telran.util.Length, count=16
Event: 3733.215 Thread 0x00007fba00a05de0 redefined class name=telran.util.LengthTest, count=17
Event: 3733.215 Thread 0x00007fba00a05de0 redefined class name=telran.util.Length, count=17
Event: 3828.968 Thread 0x00007fba00a05de0 redefined class name=telran.util.Length, count=18
Event: 3929.014 Thread 0x00007fba00a05de0 redefined class name=telran.util.Length, count=19
Event: 3976.703 Thread 0x00007fba00a05de0 redefined class name=telran.util.Length, count=20
Event: 3992.721 Thread 0x00007fba00a05de0 redefined class name=telran.util.LengthTest, count=18
Event: 4033.235 Thread 0x00007fba00a05de0 redefined class name=telran.util.LengthTest, count=19
Event: 4033.235 Thread 0x00007fba00a05de0 redefined class name=telran.util.Length, count=21
Event: 4048.024 Thread 0x00007fba00a05de0 redefined class name=telran.util.Length, count=22
Event: 4307.244 Thread 0x00007fba00a05de0 redefined class name=telran.util.LengthTest, count=20
Event: 4362.805 Thread 0x00007fba00a05de0 redefined class name=telran.util.LengthTest, count=21

Internal exceptions (20 events):
Event: 1.045 Thread 0x00007fba0000aa00 Exception <a 'java/lang/NoSuchMethodError'{0x0000000787500390}: 'java.lang.Object java.lang.invoke.DirectMethodHandle$Holder.invokeSpecialIFC(java.lang.Object, java.lang.Object, java.lang.Object, java.lang.Object)'> (0x0000000787500390) 
thrown [open/src/hotspot/share/interpreter/linkResolver.cpp, line 766]
Event: 1.059 Thread 0x00007fba0000aa00 Exception <a 'java/lang/NoSuchMethodError'{0x0000000787557bb0}: 'int java.lang.invoke.DirectMethodHandle$Holder.invokeStatic(java.lang.Object, java.lang.Object, java.lang.Object, java.lang.Object)'> (0x0000000787557bb0) 
thrown [open/src/hotspot/share/interpreter/linkResolver.cpp, line 766]
Event: 1.078 Thread 0x00007fba0000aa00 Exception <a 'java/lang/NoSuchMethodError'{0x00000007875f8820}: 'void java.lang.invoke.DirectMethodHandle$Holder.invokeInterface(java.lang.Object, java.lang.Object, java.lang.Object, java.lang.Object, java.lang.Object)'> (0x00000007875f8820) 
thrown [open/src/hotspot/share/interpreter/linkResolver.cpp, line 766]
Event: 1.078 Thread 0x00007fba0000aa00 Exception <a 'java/lang/IncompatibleClassChangeError'{0x00000007875fc798}: Found class java.lang.Object, but interface was expected> (0x00000007875fc798) 
thrown [open/src/hotspot/share/interpreter/linkResolver.cpp, line 833]
Event: 1.096 Thread 0x00007fba0000aa00 Exception <a 'java/lang/NoSuchMethodError'{0x000000078745fe10}: 'void java.lang.invoke.DirectMethodHandle$Holder.invokeInterface(java.lang.Object, java.lang.Object, java.lang.Object)'> (0x000000078745fe10) 
thrown [open/src/hotspot/share/interpreter/linkResolver.cpp, line 766]
Event: 1.097 Thread 0x00007fba0000aa00 Exception <a 'java/lang/IncompatibleClassChangeError'{0x00000007874631d0}: Found class java.lang.Object, but interface was expected> (0x00000007874631d0) 
thrown [open/src/hotspot/share/interpreter/linkResolver.cpp, line 833]
Event: 1.103 Thread 0x00007fba0000aa00 Exception <a 'java/lang/NoSuchMethodError'{0x0000000787499b30}: 'void java.lang.invoke.DirectMethodHandle$Holder.invokeSpecial(java.lang.Object, java.lang.Object, java.lang.Object, java.lang.Object, java.lang.Object)'> (0x0000000787499b30) 
thrown [open/src/hotspot/share/interpreter/linkResolver.cpp, line 766]
Event: 1.179 Thread 0x00007fba0000aa00 Exception <a 'java/lang/NoSuchMethodError'{0x0000000786e6e998}: 'java.lang.Object java.lang.invoke.DirectMethodHandle$Holder.invokeVirtual(java.lang.Object, java.lang.Object, java.lang.Object)'> (0x0000000786e6e998) 
thrown [open/src/hotspot/share/interpreter/linkResolver.cpp, line 766]
Event: 1.189 Thread 0x00007fba0000aa00 Exception <a 'java/lang/NoSuchMethodError'{0x0000000786ee9b98}: 'void java.lang.invoke.DirectMethodHandle$Holder.invokeInterface(java.lang.Object, java.lang.Object, java.lang.Object, java.lang.Object)'> (0x0000000786ee9b98) 
thrown [open/src/hotspot/share/interpreter/linkResolver.cpp, line 766]
Event: 1.189 Thread 0x00007fba0000aa00 Exception <a 'java/lang/IncompatibleClassChangeError'{0x0000000786eed4c0}: Found class java.lang.Object, but interface was expected> (0x0000000786eed4c0) 
thrown [open/src/hotspot/share/interpreter/linkResolver.cpp, line 833]
Event: 1.192 Thread 0x00007fba0000aa00 Exception <a 'java/lang/NoSuchMethodError'{0x0000000786d130e0}: 'void java.lang.invoke.DirectMethodHandle$Holder.invokeStatic(java.lang.Object, java.lang.Object, java.lang.Object, java.lang.Object)'> (0x0000000786d130e0) 
thrown [open/src/hotspot/share/interpreter/linkResolver.cpp, line 766]
Event: 1.210 Thread 0x00007fba0000aa00 Exception <a 'java/lang/NoSuchMethodError'{0x0000000786df21d0}: 'java.lang.Object java.lang.invoke.Invokers$Holder.invokeExact_MT(java.lang.Object, java.lang.Object, java.lang.Object, java.lang.Object, java.lang.Object, java.lang.Object)'> (0x0000000786df21d0) 
thrown [open/src/hotspot/share/interpreter/linkResolver.cpp, line 766]
Event: 1.212 Thread 0x00007fba0000aa00 Exception <a 'java/lang/NoSuchMethodError'{0x0000000786c02fa8}: 'int java.lang.invoke.DirectMethodHandle$Holder.invokeStatic(java.lang.Object, java.lang.Object, java.lang.Object, java.lang.Object, java.lang.Object)'> (0x0000000786c02fa8) 
thrown [open/src/hotspot/share/interpreter/linkResolver.cpp, line 766]
Event: 1.327 Thread 0x00007fba0000aa00 Exception <a 'java/lang/NoSuchMethodError'{0x0000000786aded50}: 'int java.lang.invoke.DirectMethodHandle$Holder.invokeStaticInit(java.lang.Object, java.lang.Object, java.lang.Object)'> (0x0000000786aded50) 
thrown [open/src/hotspot/share/interpreter/linkResolver.cpp, line 766]
Event: 1.399 Thread 0x00007fba0000aa00 Exception <a 'java/lang/NoSuchMethodError'{0x000000078682fcd0}: 'java.lang.Object java.lang.invoke.DirectMethodHandle$Holder.newInvokeSpecial(java.lang.Object, java.lang.Object, java.lang.Object, java.lang.Object, java.lang.Object, java.lang.Object, java.lang.Object)'> (0x000000078682fcd0) 
thrown [open/src/hotspot/share/interpreter/linkResolver.cpp, line 766]
Event: 1.400 Thread 0x00007fba0000aa00 Exception <a 'java/lang/NoSuchMethodError'{0x0000000786834888}: 'java.lang.Object java.lang.invoke.Invokers$Holder.linkToTargetMethod(java.lang.Object, java.lang.Object, java.lang.Object, java.lang.Object, java.lang.Object, java.lang.Object, java.lang.Object)'> (0x0000000786834888) 
thrown [open/src/hotspot/share/interpreter/linkResolver.cpp, line 766]
Event: 1.402 Thread 0x00007fba0000aa00 Exception <a 'java/lang/NoSuchMethodError'{0x000000078683fc40}: 'java.lang.Object java.lang.invoke.DirectMethodHandle$Holder.invokeInterface(java.lang.Object, java.lang.Object, java.lang.Object, java.lang.Object, java.lang.Object)'> (0x000000078683fc40) 
thrown [open/src/hotspot/share/interpreter/linkResolver.cpp, line 766]
Event: 1.403 Thread 0x00007fba0000aa00 Exception <a 'java/lang/IncompatibleClassChangeError'{0x0000000786843a38}: Found class java.lang.Object, but interface was expected> (0x0000000786843a38) 
thrown [open/src/hotspot/share/interpreter/linkResolver.cpp, line 833]
Event: 1.423 Thread 0x00007fba0000aa00 Exception <a 'java/lang/NoSuchMethodError'{0x000000078689df70}: 'java.lang.Object java.lang.invoke.DirectMethodHandle$Holder.newInvokeSpecial(java.lang.Object, java.lang.Object, java.lang.Object, java.lang.Object, java.lang.Object, java.lang.Object)'> (0x000000078689df70) 
thrown [open/src/hotspot/share/interpreter/linkResolver.cpp, line 766]
Event: 1.433 Thread 0x00007fba0000aa00 Exception <a 'java/lang/IncompatibleClassChangeError'{0x00000007868cb258}: Found class java.lang.Object, but interface was expected> (0x00000007868cb258) 
thrown [open/src/hotspot/share/interpreter/linkResolver.cpp, line 833]

VM Operations (20 events):
Event: 3992.718 Executing VM operation: RedefineClasses
Event: 3992.737 Executing VM operation: RedefineClasses done
Event: 3992.745 Executing VM operation: ChangeBreakpoints
Event: 3992.745 Executing VM operation: ChangeBreakpoints done
Event: 4033.231 Executing VM operation: RedefineClasses
Event: 4033.241 Executing VM operation: RedefineClasses done
Event: 4033.248 Executing VM operation: ChangeBreakpoints
Event: 4033.248 Executing VM operation: ChangeBreakpoints done
Event: 4033.279 Executing VM operation: ChangeBreakpoints
Event: 4033.280 Executing VM operation: ChangeBreakpoints done
Event: 4048.017 Executing VM operation: RedefineClasses
Event: 4048.042 Executing VM operation: RedefineClasses done
Event: 4048.069 Executing VM operation: ChangeBreakpoints
Event: 4048.069 Executing VM operation: ChangeBreakpoints done
Event: 4307.240 Executing VM operation: RedefineClasses
Event: 4307.249 Executing VM operation: RedefineClasses done
Event: 4307.262 Executing VM operation: ChangeBreakpoints
Event: 4307.263 Executing VM operation: ChangeBreakpoints done
Event: 4362.801 Executing VM operation: RedefineClasses
Event: 4362.810 Executing VM operation: RedefineClasses done

Events (20 events):
Event: 75.396 loading class jdk/internal/math/FormattedFloatingDecimal
Event: 75.396 loading class jdk/internal/math/FormattedFloatingDecimal done
Event: 75.397 loading class jdk/internal/math/FormattedFloatingDecimal$1
Event: 75.397 loading class jdk/internal/math/FormattedFloatingDecimal$1 done
Event: 75.401 loading class jdk/internal/math/FormattedFloatingDecimal$2
Event: 75.401 loading class jdk/internal/math/FormattedFloatingDecimal$2 done
Event: 75.407 loading class jdk/internal/module/ModulePatcher$PatchedModuleReader
Event: 75.407 loading class jdk/internal/module/ModulePatcher$PatchedModuleReader done
Event: 75.448 loading class sun/util/locale/provider/BaseLocaleDataMetaInfo
Event: 75.448 loading class sun/util/locale/provider/BaseLocaleDataMetaInfo done
Event: 75.462 loading class sun/util/resources/LocaleData$CommonResourceBundleProvider
Event: 75.462 loading class sun/util/resources/LocaleData$LocaleDataResourceBundleProvider
Event: 75.462 loading class java/util/spi/ResourceBundleProvider
Event: 75.462 loading class java/util/spi/ResourceBundleProvider done
Event: 75.462 loading class sun/util/resources/LocaleData$LocaleDataResourceBundleProvider done
Event: 75.462 loading class sun/util/resources/LocaleData$CommonResourceBundleProvider done
Event: 75.465 loading class sun/util/resources/Bundles$2
Event: 75.465 loading class sun/util/resources/Bundles$2 done
Event: 75.468 loading class java/lang/InstantiationException
Event: 75.468 loading class java/lang/InstantiationException done


Dynamic libraries:
0x000000010d1e6000 	/Users/jt/Library/Java/JavaVirtualMachines/openjdk-17/Contents/Home/lib/libjli.dylib
0x00007ff8298cb000 	/usr/lib/libz.1.dylib
0x00007ff8299ab000 	/usr/lib/libSystem.B.dylib
0x00007ff8299a6000 	/usr/lib/system/libcache.dylib
0x00007ff829962000 	/usr/lib/system/libcommonCrypto.dylib
0x00007ff82998b000 	/usr/lib/system/libcompiler_rt.dylib
0x00007ff829981000 	/usr/lib/system/libcopyfile.dylib
0x00007ff81e91f000 	/usr/lib/system/libcorecrypto.dylib
0x00007ff81e9de000 	/usr/lib/system/libdispatch.dylib
0x00007ff81eb9d000 	/usr/lib/system/libdyld.dylib
0x00007ff82999d000 	/usr/lib/system/libkeymgr.dylib
0x00007ff829940000 	/usr/lib/system/libmacho.dylib
0x00007ff828fd7000 	/usr/lib/system/libquarantine.dylib
0x00007ff82999b000 	/usr/lib/system/libremovefile.dylib
0x00007ff823af5000 	/usr/lib/system/libsystem_asl.dylib
0x00007ff81e8cd000 	/usr/lib/system/libsystem_blocks.dylib
0x00007ff81ea62000 	/usr/lib/system/libsystem_c.dylib
0x00007ff829993000 	/usr/lib/system/libsystem_collections.dylib
0x00007ff8281be000 	/usr/lib/system/libsystem_configuration.dylib
0x00007ff827480000 	/usr/lib/system/libsystem_containermanager.dylib
0x00007ff82967f000 	/usr/lib/system/libsystem_coreservices.dylib
0x00007ff8211c3000 	/usr/lib/system/libsystem_darwin.dylib
0x00007ff82999e000 	/usr/lib/system/libsystem_dnssd.dylib
0x00007ff81ea5f000 	/usr/lib/system/libsystem_featureflags.dylib
0x00007ff81ebb3000 	/usr/lib/system/libsystem_info.dylib
0x00007ff8298de000 	/usr/lib/system/libsystem_m.dylib
0x00007ff81e9b2000 	/usr/lib/system/libsystem_malloc.dylib
0x00007ff823a92000 	/usr/lib/system/libsystem_networkextension.dylib
0x00007ff8215eb000 	/usr/lib/system/libsystem_notify.dylib
0x00007ff82fadc000 	/usr/lib/system/libsystem_product_info_filter.dylib
0x00007ff8281c2000 	/usr/lib/system/libsystem_sandbox.dylib
0x00007ff829998000 	/usr/lib/system/libsystem_secinit.dylib
0x00007ff81eb5a000 	/usr/lib/system/libsystem_kernel.dylib
0x00007ff81eba9000 	/usr/lib/system/libsystem_platform.dylib
0x00007ff81eb91000 	/usr/lib/system/libsystem_pthread.dylib
0x00007ff825346000 	/usr/lib/system/libsystem_symptoms.dylib
0x00007ff81e906000 	/usr/lib/system/libsystem_trace.dylib
0x00007ff82996e000 	/usr/lib/system/libunwind.dylib
0x00007ff81e8cf000 	/usr/lib/system/libxpc.dylib
0x00007ff81eb44000 	/usr/lib/libc++abi.dylib
0x00007ff81ea25000 	/usr/lib/libobjc.A.dylib
0x00007ff829979000 	/usr/lib/liboah.dylib
0x00007ff81eaeb000 	/usr/lib/libc++.1.dylib
0x00007ff83580b000 	/System/Library/Frameworks/Cocoa.framework/Versions/A/Cocoa
0x00007ff821649000 	/System/Library/Frameworks/AppKit.framework/Versions/C/AppKit
0x00007ff824b36000 	/System/Library/Frameworks/CoreData.framework/Versions/A/CoreData
0x00007ff81fa64000 	/System/Library/Frameworks/Foundation.framework/Versions/C/Foundation
0x00007ff8224d6000 	/System/Library/PrivateFrameworks/UIFoundation.framework/Versions/A/UIFoundation
0x00007ff82f7e3000 	/System/Library/PrivateFrameworks/RemoteViewServices.framework/Versions/A/RemoteViewServices
0x00007ff827b57000 	/System/Library/PrivateFrameworks/XCTTargetBootstrap.framework/Versions/A/XCTTargetBootstrap
0x00007ff82b7ba000 	/System/Library/PrivateFrameworks/InternationalSupport.framework/Versions/A/InternationalSupport
0x00007ff82b844000 	/System/Library/PrivateFrameworks/UserActivity.framework/Versions/A/UserActivity
0x00007ff82ab9a000 	/usr/lib/libspindump.dylib
0x00007ff822764000 	/System/Library/Frameworks/UniformTypeIdentifiers.framework/Versions/A/UniformTypeIdentifiers
0x00007ff826296000 	/usr/lib/libapp_launch_measurement.dylib
0x00007ff825500000 	/System/Library/PrivateFrameworks/CoreAnalytics.framework/Versions/A/CoreAnalytics
0x00007ff826299000 	/System/Library/PrivateFrameworks/CoreAutoLayout.framework/Versions/A/CoreAutoLayout
0x00007ff8274b8000 	/System/Library/Frameworks/Metal.framework/Versions/A/Metal
0x00007ff8281cd000 	/usr/lib/liblangid.dylib
0x00007ff827b5b000 	/System/Library/PrivateFrameworks/CoreSVG.framework/Versions/A/CoreSVG
0x00007ff823b26000 	/System/Library/PrivateFrameworks/SkyLight.framework/Versions/A/SkyLight
0x00007ff823eb7000 	/System/Library/Frameworks/CoreGraphics.framework/Versions/A/CoreGraphics
0x00007ff82fe4e000 	/System/Library/Frameworks/Accelerate.framework/Versions/A/Accelerate
0x00007ff82a615000 	/System/Library/PrivateFrameworks/IconServices.framework/Versions/A/IconServices
0x00007ff82749d000 	/System/Library/Frameworks/IOSurface.framework/Versions/A/IOSurface
0x00007ff82552e000 	/usr/lib/libDiagnosticMessagesClient.dylib
0x00007ff8334ad000 	/System/Library/Frameworks/ApplicationServices.framework/Versions/A/ApplicationServices
0x00007ff827b43000 	/System/Library/PrivateFrameworks/DFRFoundation.framework/Versions/A/DFRFoundation
0x00007ff820f3a000 	/usr/lib/libicucore.A.dylib
0x00007ff82c4dc000 	/System/Library/Frameworks/AudioToolbox.framework/Versions/A/AudioToolbox
0x00007ff82b7c6000 	/System/Library/PrivateFrameworks/DataDetectorsCore.framework/Versions/A/DataDetectorsCore
0x00007ff92700c000 	/System/Library/PrivateFrameworks/TextInput.framework/Versions/A/TextInput
0x00007ff823aa9000 	/usr/lib/libMobileGestalt.dylib
0x00007ff82784b000 	/System/Library/Frameworks/Carbon.framework/Versions/A/Frameworks/HIToolbox.framework/Versions/A/HIToolbox
0x00007ff825cc4000 	/System/Library/Frameworks/QuartzCore.framework/Versions/A/QuartzCore
0x00007ff820bdb000 	/System/Library/Frameworks/Security.framework/Versions/A/Security
0x00007ff82f81b000 	/System/Library/Frameworks/Carbon.framework/Versions/A/Frameworks/SpeechRecognition.framework/Versions/A/SpeechRecognition
0x00007ff825ff6000 	/System/Library/PrivateFrameworks/CoreUI.framework/Versions/A/CoreUI
0x00007ff8204b5000 	/System/Library/Frameworks/CoreAudio.framework/Versions/A/CoreAudio
0x00007ff82561c000 	/System/Library/Frameworks/DiskArbitration.framework/Versions/A/DiskArbitration
0x00007ff82af81000 	/System/Library/PrivateFrameworks/MultitouchSupport.framework/Versions/A/MultitouchSupport
0x00007ff823aa8000 	/usr/lib/libenergytrace.dylib
0x00007ff821535000 	/System/Library/Frameworks/IOKit.framework/Versions/A/IOKit
0x00007ff82fc05000 	/System/Library/Frameworks/CoreServices.framework/Versions/A/CoreServices
0x00007ff826230000 	/System/Library/PrivateFrameworks/PerformanceAnalysis.framework/Versions/A/PerformanceAnalysis
0x00007ffa365cd000 	/System/Library/Frameworks/OpenGL.framework/Versions/A/OpenGL
0x00007ff828f03000 	/System/Library/PrivateFrameworks/MobileKeyBag.framework/Versions/A/MobileKeyBag
0x00007ff824583000 	/System/Library/Frameworks/ColorSync.framework/Versions/A/ColorSync
0x00007ff81ebde000 	/System/Library/Frameworks/CoreFoundation.framework/Versions/A/CoreFoundation
0x00007ff827dd4000 	/System/Library/Frameworks/CoreImage.framework/Versions/A/CoreImage
0x00007ff8202cb000 	/System/Library/Frameworks/CoreText.framework/Versions/A/CoreText
0x00007ff827b8a000 	/System/Library/Frameworks/ImageIO.framework/Versions/A/ImageIO
0x00007ff8299b1000 	/System/Library/PrivateFrameworks/SoftLinking.framework/Versions/A/SoftLinking
0x00007ff8262e1000 	/usr/lib/libxml2.2.dylib
0x00007ff829c34000 	/usr/lib/libcompression.dylib
0x00007ff82b6f0000 	/System/Library/PrivateFrameworks/TextureIO.framework/Versions/A/TextureIO
0x00007ff82a327000 	/usr/lib/libate.dylib
0x00007ff82a105000 	/usr/lib/liblzma.5.dylib
0x00007ff81f775000 	/System/Library/Frameworks/SystemConfiguration.framework/Versions/A/SystemConfiguration
0x00007ff8299ad000 	/usr/lib/libfakelink.dylib
0x00007ff8235fc000 	/System/Library/Frameworks/CFNetwork.framework/Versions/A/CFNetwork
0x00007ff829aec000 	/usr/lib/libarchive.2.dylib
0x00007ff8281c9000 	/System/Library/PrivateFrameworks/AppleSystemInfo.framework/Versions/A/AppleSystemInfo
0x00007ff828ffd000 	/usr/lib/libbsm.0.dylib
0x00007ff822c33000 	/usr/lib/libnetwork.dylib
0x00007ff829946000 	/usr/lib/system/libkxld.dylib
0x00007ff828c2c000 	/System/Library/PrivateFrameworks/IOMobileFramebuffer.framework/Versions/A/IOMobileFramebuffer
0x00007ffb340b6000 	/usr/lib/libCoreEntitlements.dylib
0x00007ff829661000 	/System/Library/PrivateFrameworks/AppleFSCompression.framework/Versions/A/AppleFSCompression
0x00007ff828fe6000 	/usr/lib/libcoretls.dylib
0x00007ff82a11f000 	/usr/lib/libcoretls_cfhelpers.dylib
0x00007ff829c2f000 	/usr/lib/libpam.2.dylib
0x00007ff824f68000 	/usr/lib/libsqlite3.dylib
0x00007ff82a18e000 	/usr/lib/libxar.1.dylib
0x00007ff829671000 	/usr/lib/libbz2.1.0.dylib
0x00007ff8299b2000 	/usr/lib/libpcap.A.dylib
0x00007ff82533d000 	/usr/lib/libdns_services.dylib
0x00007ff829bfe000 	/usr/lib/libapple_nghttp2.dylib
0x00007ff8299e9000 	/usr/lib/libiconv.2.dylib
0x00007ff82993f000 	/usr/lib/libcharset.1.dylib
0x00007ff826264000 	/System/Library/Frameworks/CoreServices.framework/Versions/A/Frameworks/FSEvents.framework/Versions/A/FSEvents
0x00007ff8211cd000 	/System/Library/Frameworks/CoreServices.framework/Versions/A/Frameworks/CarbonCore.framework/Versions/A/CarbonCore
0x00007ff825581000 	/System/Library/Frameworks/CoreServices.framework/Versions/A/Frameworks/Metadata.framework/Versions/A/Metadata
0x00007ff829684000 	/System/Library/Frameworks/CoreServices.framework/Versions/A/Frameworks/OSServices.framework/Versions/A/OSServices
0x00007ff829b72000 	/System/Library/Frameworks/CoreServices.framework/Versions/A/Frameworks/SearchKit.framework/Versions/A/SearchKit
0x00007ff8252cf000 	/System/Library/Frameworks/CoreServices.framework/Versions/A/Frameworks/AE.framework/Versions/A/AE
0x00007ff81f0e1000 	/System/Library/Frameworks/CoreServices.framework/Versions/A/Frameworks/LaunchServices.framework/Versions/A/LaunchServices
0x00007ff82a0b6000 	/System/Library/Frameworks/CoreServices.framework/Versions/A/Frameworks/DictionaryServices.framework/Versions/A/DictionaryServices
0x00007ff826271000 	/System/Library/Frameworks/CoreServices.framework/Versions/A/Frameworks/SharedFileList.framework/Versions/A/SharedFileList
0x00007ff828fda000 	/usr/lib/libCheckFix.dylib
0x00007ff823b0c000 	/System/Library/PrivateFrameworks/TCC.framework/Versions/A/TCC
0x00007ff8281cf000 	/System/Library/PrivateFrameworks/CoreNLP.framework/Versions/A/CoreNLP
0x00007ff825531000 	/System/Library/PrivateFrameworks/MetadataUtilities.framework/Versions/A/MetadataUtilities
0x00007ff81f825000 	/usr/lib/libmecabra.dylib
0x00007ff82900d000 	/usr/lib/libmecab.dylib
0x00007ff81f7f0000 	/usr/lib/libCRFSuite.dylib
0x00007ff82906a000 	/usr/lib/libgermantok.dylib
0x00007ff829bd9000 	/usr/lib/libThaiTokenizer.dylib
0x00007ff825623000 	/System/Library/Frameworks/Accelerate.framework/Versions/A/Frameworks/vImage.framework/Versions/A/vImage
0x00007ff82fbdc000 	/System/Library/Frameworks/Accelerate.framework/Versions/A/Frameworks/vecLib.framework/Versions/A/vecLib
0x00007ff82a1cf000 	/System/Library/Frameworks/Accelerate.framework/Versions/A/Frameworks/vecLib.framework/Versions/A/libvMisc.dylib
0x00007ff828a4a000 	/System/Library/Frameworks/Accelerate.framework/Versions/A/Frameworks/vecLib.framework/Versions/A/libvDSP.dylib
0x00007ff81f459000 	/System/Library/Frameworks/Accelerate.framework/Versions/A/Frameworks/vecLib.framework/Versions/A/libBLAS.dylib
0x00007ff829d10000 	/System/Library/Frameworks/Accelerate.framework/Versions/A/Frameworks/vecLib.framework/Versions/A/libLAPACK.dylib
0x00007ff82906d000 	/System/Library/Frameworks/Accelerate.framework/Versions/A/Frameworks/vecLib.framework/Versions/A/libLinearAlgebra.dylib
0x00007ff829c17000 	/System/Library/Frameworks/Accelerate.framework/Versions/A/Frameworks/vecLib.framework/Versions/A/libSparseBLAS.dylib
0x00007ff829d0a000 	/System/Library/Frameworks/Accelerate.framework/Versions/A/Frameworks/vecLib.framework/Versions/A/libQuadrature.dylib
0x00007ff8282b9000 	/System/Library/Frameworks/Accelerate.framework/Versions/A/Frameworks/vecLib.framework/Versions/A/libBNNS.dylib
0x00007ff81f706000 	/System/Library/Frameworks/Accelerate.framework/Versions/A/Frameworks/vecLib.framework/Versions/A/libSparse.dylib
0x00007ff8282b2000 	/System/Library/PrivateFrameworks/LinguisticData.framework/Versions/A/LinguisticData
0x00007ff81f6bb000 	/System/Library/PrivateFrameworks/Lexicon.framework/Versions/A/Lexicon
0x00007ff82a1c8000 	/usr/lib/libChineseTokenizer.dylib
0x00007ff81fe1f000 	/System/Library/PrivateFrameworks/LanguageModeling.framework/Versions/A/LanguageModeling
0x00007ff829bdb000 	/System/Library/PrivateFrameworks/AppleSauce.framework/Versions/A/AppleSauce
0x00007ff828c1a000 	/System/Library/PrivateFrameworks/CoreEmoji.framework/Versions/A/CoreEmoji
0x00007ff829adb000 	/usr/lib/libcmph.dylib
0x00007ff826248000 	/System/Library/Frameworks/OpenDirectory.framework/Versions/A/Frameworks/CFOpenDirectory.framework/Versions/A/CFOpenDirectory
0x00007ff82623c000 	/System/Library/Frameworks/OpenDirectory.framework/Versions/A/OpenDirectory
0x00007ff82a121000 	/System/Library/PrivateFrameworks/APFS.framework/Versions/A/APFS
0x00007ff828f3b000 	/System/Library/Frameworks/SecurityFoundation.framework/Versions/A/SecurityFoundation
0x00007ff82a19c000 	/usr/lib/libutil.dylib
0x00007ff8214f8000 	/System/Library/PrivateFrameworks/CoreServicesStore.framework/Versions/A/CoreServicesStore
0x00007ff82a1a0000 	/usr/lib/libxslt.1.dylib
0x00007ff828fc8000 	/System/Library/PrivateFrameworks/BackgroundTaskManagement.framework/Versions/A/BackgroundTaskManagement
0x00007ff82b610000 	/System/Library/Frameworks/ImageIO.framework/Versions/A/Resources/libRadiance.dylib
0x00007ff82b619000 	/System/Library/Frameworks/ImageIO.framework/Versions/A/Resources/libJPEG.dylib
0x00007ff82b569000 	/System/Library/Frameworks/ImageIO.framework/Versions/A/Resources/libPng.dylib
0x00007ff82b58a000 	/System/Library/Frameworks/ImageIO.framework/Versions/A/Resources/libTIFF.dylib
0x00007ff82b679000 	/System/Library/Frameworks/ImageIO.framework/Versions/A/Resources/libGIF.dylib
0x00007ff82ae9a000 	/System/Library/Frameworks/ImageIO.framework/Versions/A/Resources/libJP2.dylib
0x00007ff82a5dc000 	/usr/lib/libexpat.1.dylib
0x00007ff82ae4f000 	/System/Library/PrivateFrameworks/AppleJPEG.framework/Versions/A/AppleJPEG
0x00007ff827712000 	/System/Library/PrivateFrameworks/FontServices.framework/libFontParser.dylib
0x00007ff825279000 	/System/Library/PrivateFrameworks/RunningBoardServices.framework/Versions/A/RunningBoardServices
0x00007ff835d7c000 	/System/Library/PrivateFrameworks/IOSurfaceAccelerator.framework/Versions/A/IOSurfaceAccelerator
0x00007ff82af7d000 	/System/Library/PrivateFrameworks/WatchdogClient.framework/Versions/A/WatchdogClient
0x00007ff81ff0e000 	/System/Library/Frameworks/CoreDisplay.framework/Versions/A/CoreDisplay
0x00007ff827612000 	/System/Library/Frameworks/CoreMedia.framework/Versions/A/CoreMedia
0x00007ff8274af000 	/System/Library/PrivateFrameworks/IOAccelerator.framework/Versions/A/IOAccelerator
0x00007ff8263c4000 	/System/Library/Frameworks/CoreVideo.framework/Versions/A/CoreVideo
0x00007ff829c2d000 	/System/Library/Frameworks/MetalPerformanceShaders.framework/Versions/A/MetalPerformanceShaders
0x00007ff82afb8000 	/System/Library/Frameworks/VideoToolbox.framework/Versions/A/VideoToolbox
0x00007ff8251c1000 	/System/Library/PrivateFrameworks/BaseBoard.framework/Versions/A/BaseBoard
0x00007ff824f4e000 	/System/Library/PrivateFrameworks/ProtocolBuffer.framework/Versions/A/ProtocolBuffer
0x00007ff82b609000 	/System/Library/PrivateFrameworks/GPUWrangler.framework/Versions/A/GPUWrangler
0x00007ff82b5ec000 	/System/Library/PrivateFrameworks/IOPresentment.framework/Versions/A/IOPresentment
0x00007ff82b613000 	/System/Library/PrivateFrameworks/DSExternalDisplay.framework/Versions/A/DSExternalDisplay
0x00007ffa365c1000 	/System/Library/Frameworks/OpenGL.framework/Versions/A/Libraries/libCoreFSCache.dylib
0x00007ffb226b5000 	/System/Library/PrivateFrameworks/GPUCompiler.framework/Versions/31001/Libraries/libGPUCompilerUtils.dylib
0x00007ff82b67e000 	/System/Library/PrivateFrameworks/CMCaptureCore.framework/Versions/A/CMCaptureCore
0x00007ff82ab88000 	/System/Library/PrivateFrameworks/AppServerSupport.framework/Versions/A/AppServerSupport
0x00007ff82cd59000 	/System/Library/PrivateFrameworks/perfdata.framework/Versions/A/perfdata
0x00007ff82003a000 	/System/Library/PrivateFrameworks/AudioToolboxCore.framework/Versions/A/AudioToolboxCore
0x00007ff8275ef000 	/System/Library/PrivateFrameworks/caulk.framework/Versions/A/caulk
0x00007ff82c686000 	/usr/lib/libAudioStatistics.dylib
0x00007ff9238cb000 	/System/Library/PrivateFrameworks/SystemPolicy.framework/Versions/A/SystemPolicy
0x00007ff82c8d2000 	/usr/lib/libSMC.dylib
0x00007ff8356be000 	/System/Library/Frameworks/CoreMIDI.framework/Versions/A/CoreMIDI
0x00007ff82b539000 	/usr/lib/libAudioToolboxUtility.dylib
0x00007ff91fd53000 	/System/Library/PrivateFrameworks/OSAServicesClient.framework/Versions/A/OSAServicesClient
0x00007ff82cd66000 	/usr/lib/libperfcheck.dylib
0x00007ff924357000 	/usr/lib/libmis.dylib
0x00007ffa3661d000 	/System/Library/Frameworks/OpenGL.framework/Versions/A/Libraries/libGLU.dylib
0x00007ffa365e0000 	/System/Library/Frameworks/OpenGL.framework/Versions/A/Libraries/libGFXShared.dylib
0x00007ffa367ee000 	/System/Library/Frameworks/OpenGL.framework/Versions/A/Libraries/libGL.dylib
0x00007ffa365e9000 	/System/Library/Frameworks/OpenGL.framework/Versions/A/Libraries/libGLImage.dylib
0x00007ffa365dd000 	/System/Library/Frameworks/OpenGL.framework/Versions/A/Libraries/libCVMSPluginSupport.dylib
0x00007ffa365c8000 	/System/Library/Frameworks/OpenGL.framework/Versions/A/Libraries/libCoreVMClient.dylib
0x00007ff82814d000 	/System/Library/Frameworks/MetalPerformanceShaders.framework/Versions/A/Frameworks/MPSCore.framework/Versions/A/MPSCore
0x00007ff8295cc000 	/System/Library/Frameworks/MetalPerformanceShaders.framework/Versions/A/Frameworks/MPSImage.framework/Versions/A/MPSImage
0x00007ff829083000 	/System/Library/Frameworks/MetalPerformanceShaders.framework/Versions/A/Frameworks/MPSNeuralNetwork.framework/Versions/A/MPSNeuralNetwork
0x00007ff8294f8000 	/System/Library/Frameworks/MetalPerformanceShaders.framework/Versions/A/Frameworks/MPSMatrix.framework/Versions/A/MPSMatrix
0x00007ff8292b4000 	/System/Library/Frameworks/MetalPerformanceShaders.framework/Versions/A/Frameworks/MPSRayIntersector.framework/Versions/A/MPSRayIntersector
0x00007ff829531000 	/System/Library/Frameworks/MetalPerformanceShaders.framework/Versions/A/Frameworks/MPSNDArray.framework/Versions/A/MPSNDArray
0x00007ffa3b1c6000 	/System/Library/Frameworks/MetalPerformanceShaders.framework/Versions/A/Frameworks/MPSFunctions.framework/Versions/A/MPSFunctions
0x00007ff81f33c000 	/System/Library/PrivateFrameworks/MetalTools.framework/Versions/A/MetalTools
0x00007ff8281c7000 	/System/Library/PrivateFrameworks/AggregateDictionary.framework/Versions/A/AggregateDictionary
0x00007ff82a3be000 	/usr/lib/libIOReport.dylib
0x00007ffa37bfd000 	/System/Library/Frameworks/OpenCL.framework/Versions/A/OpenCL
0x00007ff82a722000 	/System/Library/PrivateFrameworks/FaceCore.framework/Versions/A/FaceCore
0x00007ff82a713000 	/System/Library/PrivateFrameworks/GraphVisualizer.framework/Versions/A/GraphVisualizer
0x00007ffb225c0000 	/System/Library/PrivateFrameworks/FontServices.framework/Versions/A/FontServices
0x00007ff82ab3f000 	/System/Library/PrivateFrameworks/OTSVG.framework/Versions/A/OTSVG
0x00007ff825fac000 	/System/Library/Frameworks/ApplicationServices.framework/Versions/A/Frameworks/ATS.framework/Versions/A/Resources/libFontRegistry.dylib
0x00007ff82ab90000 	/System/Library/PrivateFrameworks/FontServices.framework/libhvf.dylib
0x00007ffb225c1000 	/System/Library/PrivateFrameworks/FontServices.framework/libXTFontStaticRegistryData.dylib
0x00007ff82a58c000 	/System/Library/PrivateFrameworks/AppleVA.framework/Versions/A/AppleVA
0x00007ff82c6a6000 	/System/Library/Frameworks/ApplicationServices.framework/Versions/A/Frameworks/ATS.framework/Versions/A/ATS
0x00007ff82467f000 	/System/Library/Frameworks/ApplicationServices.framework/Versions/A/Frameworks/HIServices.framework/Versions/A/HIServices
0x00007ff82b688000 	/System/Library/Frameworks/ApplicationServices.framework/Versions/A/Frameworks/PrintCore.framework/Versions/A/PrintCore
0x00007ff82ca25000 	/System/Library/Frameworks/ApplicationServices.framework/Versions/A/Frameworks/QD.framework/Versions/A/QD
0x00007ff82ca1d000 	/System/Library/Frameworks/ApplicationServices.framework/Versions/A/Frameworks/ColorSyncLegacy.framework/Versions/A/ColorSyncLegacy
0x00007ff82c696000 	/System/Library/Frameworks/ApplicationServices.framework/Versions/A/Frameworks/SpeechSynthesis.framework/Versions/A/SpeechSynthesis
0x00007ff82b649000 	/System/Library/Frameworks/ApplicationServices.framework/Versions/A/Frameworks/ATSUI.framework/Versions/A/ATSUI
0x00007ff82c9b2000 	/usr/lib/libcups.2.dylib
0x00007ff82cd75000 	/System/Library/Frameworks/Kerberos.framework/Versions/A/Kerberos
0x00007ff82cd84000 	/System/Library/Frameworks/GSS.framework/Versions/A/GSS
0x00007ff82c712000 	/usr/lib/libresolv.9.dylib
0x00007ff82ab9f000 	/System/Library/PrivateFrameworks/Heimdal.framework/Versions/A/Heimdal
0x00007ff833828000 	/System/Library/Frameworks/Kerberos.framework/Versions/A/Libraries/libHeimdalProxy.dylib
0x00007ff82534e000 	/System/Library/Frameworks/Network.framework/Versions/A/Network
0x00007ff82a5f6000 	/usr/lib/libheimdal-asn1.dylib
0x00007ff82cdcf000 	/System/Library/PrivateFrameworks/CommonAuth.framework/Versions/A/CommonAuth
0x00007ff82c617000 	/System/Library/PrivateFrameworks/AudioSession.framework/Versions/A/AudioSession
0x00007ff82a686000 	/System/Library/PrivateFrameworks/MediaExperience.framework/Versions/A/MediaExperience
0x00007ff82c4ab000 	/System/Library/PrivateFrameworks/AudioSession.framework/libSessionUtility.dylib
0x00007ff82ca31000 	/System/Library/PrivateFrameworks/AudioResourceArbitration.framework/Versions/A/AudioResourceArbitration
0x00007ff82a5ff000 	/System/Library/PrivateFrameworks/IconFoundation.framework/Versions/A/IconFoundation
0x00007ff82f80b000 	/System/Library/PrivateFrameworks/SpeechRecognitionCore.framework/Versions/A/SpeechRecognitionCore
0x000000010d220000 	/System/Library/CoreServices/Encodings/libCyrillicConverter.dylib
0x000000010e249000 	/Users/jt/Library/Java/JavaVirtualMachines/openjdk-17/Contents/Home/lib/server/libjvm.dylib
0x000000010d22c000 	/Users/jt/Library/Java/JavaVirtualMachines/openjdk-17/Contents/Home/lib/libjimage.dylib
0x000000010d280000 	/Users/jt/Library/Java/JavaVirtualMachines/openjdk-17/Contents/Home/lib/libjdwp.dylib
0x000000010d2c4000 	/Users/jt/Library/Java/JavaVirtualMachines/openjdk-17/Contents/Home/lib/libjava.dylib
0x000000010d23c000 	/Users/jt/Library/Java/JavaVirtualMachines/openjdk-17/Contents/Home/lib/libinstrument.dylib
0x000000010d26e000 	/Users/jt/Library/Java/JavaVirtualMachines/openjdk-17/Contents/Home/lib/libdt_socket.dylib
0x000000010e162000 	/Users/jt/Library/Java/JavaVirtualMachines/openjdk-17/Contents/Home/lib/libzip.dylib
0x000000010e191000 	/Users/jt/Library/Java/JavaVirtualMachines/openjdk-17/Contents/Home/lib/libnio.dylib
0x000000010e1cb000 	/Users/jt/Library/Java/JavaVirtualMachines/openjdk-17/Contents/Home/lib/libnet.dylib
0x000000010e1ad000 	/Users/jt/Library/Java/JavaVirtualMachines/openjdk-17/Contents/Home/lib/libverify.dylib
0x000000010e14f000 	/Users/jt/Library/Java/JavaVirtualMachines/openjdk-17/Contents/Home/lib/libextnet.dylib


VM Arguments:
jvm_args: -XX:+ShowCodeDetailsInExceptionMessages -agentlib:jdwp=transport=dt_socket,suspend=y,address=localhost:60393 -ea -javaagent:/Users/jt/eclipse/java-2021-09/Eclipse.app/Contents/Eclipse/configuration/org.eclipse.osgi/213/0/.cp/lib/javaagent-shaded.jar -Dfile.encoding=UTF-8 
java_command: org.eclipse.jdt.internal.junit.runner.RemoteTestRunner -version 3 -port 60392 -testLoaderClass org.eclipse.jdt.internal.junit5.runner.JUnit5TestLoader -loaderpluginname org.eclipse.jdt.junit5.runtime -test telran.util.LengthTest:testEqualsObject -uniqueId [engine:junit-jupiter]/[class:telran.util.LengthTest]/[method:testEqualsObject()]
java_class_path (initial): /Users/jt/eclipse-workspace-42/enumeration/bin:/Users/jt/.p2/pool/plugins/org.junit.jupiter.api_5.7.1.v20210222-1948.jar:/Users/jt/.p2/pool/plugins/org.junit.jupiter.engine_5.7.1.v20210222-1948.jar:/Users/jt/.p2/pool/plugins/org.junit.jupiter.migrationsupport_5.7.1.v20210222-1948.jar:/Users/jt/.p2/pool/plugins/org.junit.jupiter.params_5.7.1.v20210222-1948.jar:/Users/jt/.p2/pool/plugins/org.junit.platform.commons_1.7.1.v20210222-1948.jar:/Users/jt/.p2/pool/plugins/org.junit.platform.engine_1.7.1.v20210222-1948.jar:/Users/jt/.p2/pool/plugins/org.junit.platform.launcher_1.7.1.v20210222-1948.jar:/Users/jt/.p2/pool/plugins/org.junit.platform.runner_1.7.1.v20210222-1948.jar:/Users/jt/.p2/pool/plugins/org.junit.platform.suite.api_1.7.1.v20210222-1948.jar:/Users/jt/.p2/pool/plugins/org.junit.vintage.engine_5.7.1.v20210222-1948.jar:/Users/jt/.p2/pool/plugins/org.opentest4j_1.2.0.v20190826-0900.jar:/Users/jt/.p2/pool/plugins/org.apiguardian_1.1.0.v20190826-0900.jar:/Users/jt/.p2/pool/plugins/org.junit_4.13.0.v20200204-1500.jar:/Users/jt/.p2/pool/plugins/org.hamcrest.core_1.3.0.v20180420-1519.jar:/Users/jt/eclipse/java-2021-09/Eclipse.app/Contents/Eclipse/configuration/org.eclipse.osgi/212/0/.cp:/Users/jt/eclipse/java-2021-09/Eclipse.app/Contents/Eclipse/configuration/org.eclipse.osgi/210/0/.cp
Launcher Type: SUN_STANDARD

[Global flags]
     intx CICompilerCount                          = 3                                         {product} {ergonomic}
     uint ConcGCThreads                            = 1                                         {product} {ergonomic}
     uint G1ConcRefinementThreads                  = 4                                         {product} {ergonomic}
   size_t G1HeapRegionSize                         = 1048576                                   {product} {ergonomic}
    uintx GCDrainStackTargetSize                   = 64                                        {product} {ergonomic}
   size_t InitialHeapSize                          = 134217728                                 {product} {ergonomic}
   size_t MarkStackSize                            = 4194304                                   {product} {ergonomic}
   size_t MaxHeapSize                              = 2147483648                                {product} {ergonomic}
   size_t MaxNewSize                               = 1287651328                                {product} {ergonomic}
   size_t MinHeapDeltaBytes                        = 1048576                                   {product} {ergonomic}
   size_t MinHeapSize                              = 8388608                                   {product} {ergonomic}
    uintx NonNMethodCodeHeapSize                   = 5832780                                {pd product} {ergonomic}
    uintx NonProfiledCodeHeapSize                  = 122912730                              {pd product} {ergonomic}
    uintx ProfiledCodeHeapSize                     = 122912730                              {pd product} {ergonomic}
    uintx ReservedCodeCacheSize                    = 251658240                              {pd product} {ergonomic}
     bool SegmentedCodeCache                       = true                                      {product} {ergonomic}
     bool ShowCodeDetailsInExceptionMessages       = true                                   {manageable} {command line}
   size_t SoftMaxHeapSize                          = 2147483648                             {manageable} {ergonomic}
     bool UseCompressedClassPointers               = true                           {product lp64_product} {ergonomic}
     bool UseCompressedOops                        = true                           {product lp64_product} {ergonomic}
     bool UseG1GC                                  = true                                      {product} {ergonomic}
     bool UseNUMA                                  = false                                     {product} {ergonomic}
     bool UseNUMAInterleaving                      = false                                     {product} {ergonomic}

Logging:
Log output configuration:
 #0: stdout all=warning uptime,level,tags
 #1: stderr all=off uptime,level,tags

Environment Variables:
PATH=/usr/bin:/bin:/usr/sbin:/sbin
SHELL=/bin/bash
DISPLAY=/private/tmp/com.apple.launchd.aKinz24ZHr/org.macosforge.xquartz:0

Signal Handlers:
   SIGSEGV: _ZL13crash_handleriP9__siginfoPv in libjvm.dylib, mask=11100110000111110111111111111111, flags=SA_RESTART|SA_SIGINFO
    SIGBUS: _ZL13crash_handleriP9__siginfoPv in libjvm.dylib, mask=11100110000111110111111111111111, flags=SA_RESTART|SA_SIGINFO
    SIGFPE: _ZL13crash_handleriP9__siginfoPv in libjvm.dylib, mask=11100110000111110111111111111111, flags=SA_RESTART|SA_SIGINFO
   SIGPIPE: _ZL17javaSignalHandleriP9__siginfoPv in libjvm.dylib, mask=11100110000111110111111111111111, flags=SA_RESTART|SA_SIGINFO
   SIGXFSZ: _ZL17javaSignalHandleriP9__siginfoPv in libjvm.dylib, mask=11100110000111110111111111111111, flags=SA_RESTART|SA_SIGINFO
    SIGILL: _ZL13crash_handleriP9__siginfoPv in libjvm.dylib, mask=11100110000111110111111111111111, flags=SA_RESTART|SA_SIGINFO
   SIGUSR2: _ZL10SR_handleriP9__siginfoP17__darwin_ucontext in libjvm.dylib, mask=00100000000000000000000000000000, flags=SA_RESTART|SA_SIGINFO
    SIGHUP: _ZL11UserHandleriPvS_ in libjvm.dylib, mask=11100110000111110111111111111111, flags=SA_RESTART|SA_SIGINFO
    SIGINT: _ZL11UserHandleriPvS_ in libjvm.dylib, mask=11100110000111110111111111111111, flags=SA_RESTART|SA_SIGINFO
   SIGTERM: _ZL11UserHandleriPvS_ in libjvm.dylib, mask=11100110000111110111111111111111, flags=SA_RESTART|SA_SIGINFO
   SIGQUIT: _ZL11UserHandleriPvS_ in libjvm.dylib, mask=11100110000111110111111111111111, flags=SA_RESTART|SA_SIGINFO
   SIGTRAP: _ZL13crash_handleriP9__siginfoPv in libjvm.dylib, mask=11100110000111110111111111111111, flags=SA_RESTART|SA_SIGINFO


---------------  S Y S T E M  ---------------

OS:
uname: Darwin 21.1.0 Darwin Kernel Version 21.1.0: Wed Oct 13 17:33:23 PDT 2021; root:xnu-8019.41.5~1/RELEASE_X86_64 x86_64
OS uptime: 5 days 17:02 hours
rlimit (soft/hard): STACK 8192k/65532k , CORE 0k/infinity , NPROC 1392/2088 , NOFILE 10240/infinity , AS infinity/infinity , CPU infinity/infinity , DATA infinity/infinity , FSIZE infinity/infinity , MEMLOCK infinity/infinity , RSS infinity/infinity
load average: 2.17 2.19 2.09

CPU: total 4 (initial active 4) (2 cores per cpu, 2 threads per core) family 6 model 61 stepping 4 microcode 0x2f, cx8, cmov, fxsr, ht, mmx, 3dnowpref, sse, sse2, sse3, ssse3, sse4.1, sse4.2, popcnt, lzcnt, tsc, tscinvbit, avx, avx2, aes, erms, clmul, bmi1, bmi2, adx, fma, vzeroupper, clflush

Memory: 4k page, physical 8388608k(118612k free), swap 1048576k(984064k free)

vm_info: OpenJDK 64-Bit Server VM (17+35-2724) for bsd-amd64 JRE (17+35-2724), built on Aug  5 2021 22:31:25 by "mach5one" with clang Apple LLVM 12.0.0 (clang-1200.0.32.29)

END.
